#
# There is insufficient memory for the Java Runtime Environment to continue.
# Native memory allocation (mmap) failed to map 228589568 bytes for G1 virtual space
# Possible reasons:
#   The system is out of physical RAM or swap space
#   The process is running with CompressedOops enabled, and the Java Heap may be blocking the growth of the native heap
# Possible solutions:
#   Reduce memory load on the system
#   Increase physical memory or swap space
#   Check if swap backing store is full
#   Decrease Java heap size (-Xmx/-Xms)
#   Decrease number of Java threads
#   Decrease Java thread stack sizes (-Xss)
#   Set larger code cache with -XX:ReservedCodeCacheSize=
#   JVM is running with Unscaled Compressed Oops mode in which the Java heap is
#     placed in the first 4GB address space. The Java Heap base address is the
#     maximum limit for the native heap growth. Please use -XX:HeapBaseMinAddress
#     to set the Java Heap base and to place the Java Heap above 4GB virtual address.
# This output file may be truncated or incomplete.
#
#  Out of Memory Error (os_windows.cpp:3769), pid=3888, tid=2884
#
# JRE version: OpenJDK Runtime Environment (17.0.6) (build 17.0.6+0-b2043.56-9586694)
# Java VM: OpenJDK 64-Bit Server VM (17.0.6+0-b2043.56-9586694, mixed mode, tiered, compressed oops, compressed class ptrs, g1 gc, windows-amd64)
# No core dump will be written. Minidumps are not enabled by default on client versions of Windows
#

---------------  S U M M A R Y ------------

Command Line: --add-opens=java.base/java.util=ALL-UNNAMED --add-opens=java.base/java.lang=ALL-UNNAMED --add-opens=java.base/java.lang.invoke=ALL-UNNAMED --add-opens=java.prefs/java.util.prefs=ALL-UNNAMED --add-opens=java.base/java.nio.charset=ALL-UNNAMED --add-opens=java.base/java.net=ALL-UNNAMED --add-opens=java.base/java.util.concurrent.atomic=ALL-UNNAMED -Xmx2048m -Dfile.encoding=UTF-8 -Duser.country=US -Duser.language=en -Duser.variant org.gradle.launcher.daemon.bootstrap.GradleDaemon 8.0

Host: Intel(R) Core(TM) i5-4300U CPU @ 1.90GHz, 4 cores, 7G,  Windows 11 , 64 bit Build 22000 (10.0.22000.2538)
Time: Sat Nov 11 21:40:01 2023 Morocco Daylight Time elapsed time: 83.300295 seconds (0d 0h 1m 23s)

---------------  T H R E A D  ---------------

Current thread (0x000001fcfa62f620):  VMThread "VM Thread" [stack: 0x0000005631500000,0x0000005631600000] [id=2884]

Stack: [0x0000005631500000,0x0000005631600000]
Native frames: (J=compiled Java code, j=interpreted, Vv=VM code, C=native code)
V  [jvm.dll+0x683b4a]
V  [jvm.dll+0x842654]
V  [jvm.dll+0x843dfe]
V  [jvm.dll+0x844463]
V  [jvm.dll+0x249b75]
V  [jvm.dll+0x680a19]
V  [jvm.dll+0x674f0a]
V  [jvm.dll+0x309acb]
V  [jvm.dll+0x310f86]
V  [jvm.dll+0x3608ee]
V  [jvm.dll+0x360b1f]
V  [jvm.dll+0x2dfbf8]
V  [jvm.dll+0x2ddec4]
V  [jvm.dll+0x2dd4cc]
V  [jvm.dll+0x321f3b]
V  [jvm.dll+0x84893b]
V  [jvm.dll+0x849674]
V  [jvm.dll+0x849b8d]
V  [jvm.dll+0x849f64]
V  [jvm.dll+0x84a030]
V  [jvm.dll+0x7f25fa]
V  [jvm.dll+0x682985]
C  [ucrtbase.dll+0x26c0c]
C  [KERNEL32.DLL+0x153e0]
C  [ntdll.dll+0x485b]

VM_Operation (0x0000005632dfc820): G1CollectForAllocation, mode: safepoint, requested by thread 0x000001fc90774df0


---------------  P R O C E S S  ---------------

Threads class SMR info:
_java_thread_list=0x000001fc93fc16e0, length=95, elements={
0x000001fcee0ff100, 0x000001fcfa653260, 0x000001fcfa653fe0, 0x000001fcfa63fc30,
0x000001fcfb01a000, 0x000001fcfb01a4d0, 0x000001fcfb01ad90, 0x000001fcfb01b980,
0x000001fcfb07c160, 0x000001fcfb07ee20, 0x000001fcfb18cb20, 0x000001fcfb18cff0,
0x000001fcfca79740, 0x000001fcfc821520, 0x000001fcfdd6a920, 0x000001fcfd6e0a00,
0x000001fcfc7a40c0, 0x000001fcfd8cd420, 0x000001fcfd8ce0d0, 0x000001fcfd6dba30,
0x000001fcfd6dea50, 0x000001fcfd6dd710, 0x000001fcfd6def20, 0x000001fcfd6df3f0,
0x000001fcfd6dd240, 0x000001fcfd6dc3d0, 0x000001fcfd6dbf00, 0x000001fcfd6ddbe0,
0x000001fcfd6de0b0, 0x000001fcfd6de580, 0x000001fcfd75b970, 0x000001fcfd75a630,
0x000001fcfd75ab00, 0x000001fcfd759c90, 0x000001fcfd7597c0, 0x000001fcfd757fb0,
0x000001fcfd758480, 0x000001fcfd758e20, 0x000001fc8f86ed90, 0x000001fc8f86f730,
0x000001fc8f86cbe0, 0x000001fc8f872c20, 0x000001fc8f86fc00, 0x000001fc8f8735c0,
0x000001fc8f8700d0, 0x000001fc8f873a90, 0x000001fc8f872750, 0x000001fc8f86d580,
0x000001fc8f86da50, 0x000001fc8f873f60, 0x000001fc8f874430, 0x000001fc8f86d0b0,
0x000001fc8f86df20, 0x000001fc8f8705a0, 0x000001fc8f870a70, 0x000001fc8f871db0,
0x000001fc8f870f40, 0x000001fc8f8718e0, 0x000001fc8f86e3f0, 0x000001fc8f86e8c0,
0x000001fc8f872280, 0x000001fcfd758950, 0x000001fc8f262460, 0x000001fc8f25d290,
0x000001fc8f2615f0, 0x000001fc8f25d760, 0x000001fc8f25cdc0, 0x000001fc8f2602b0,
0x000001fc8f25e100, 0x000001fc8f264140, 0x000001fc8f262930, 0x000001fc8f25eaa0,
0x000001fc8f263c70, 0x000001fc8f25fde0, 0x000001fc8f25ef70, 0x000001fc8f2632d0,
0x000001fc8f260c50, 0x000001fc8f261ac0, 0x000001fc8f25f440, 0x000001fc8f25e5d0,
0x000001fc8f261f90, 0x000001fc8f2637a0, 0x000001fc8f262e00, 0x000001fc90776600,
0x000001fc90776130, 0x000001fc90777e10, 0x000001fc90779150, 0x000001fc907782e0,
0x000001fc90ad0080, 0x000001fc90775790, 0x000001fc90775c60, 0x000001fc90774df0,
0x000001fc8f707f10, 0x000001fc8f70df50, 0x000001fc8f7088b0
}

Java Threads: ( => current thread )
  0x000001fcee0ff100 JavaThread "main" [_thread_blocked, id=924, stack(0x0000005630f00000,0x0000005631000000)]
  0x000001fcfa653260 JavaThread "Reference Handler" daemon [_thread_blocked, id=14192, stack(0x0000005631600000,0x0000005631700000)]
  0x000001fcfa653fe0 JavaThread "Finalizer" daemon [_thread_blocked, id=11212, stack(0x0000005631700000,0x0000005631800000)]
  0x000001fcfa63fc30 JavaThread "Signal Dispatcher" daemon [_thread_blocked, id=11692, stack(0x0000005631800000,0x0000005631900000)]
  0x000001fcfb01a000 JavaThread "Attach Listener" daemon [_thread_blocked, id=10980, stack(0x0000005631900000,0x0000005631a00000)]
  0x000001fcfb01a4d0 JavaThread "Service Thread" daemon [_thread_blocked, id=2112, stack(0x0000005631a00000,0x0000005631b00000)]
  0x000001fcfb01ad90 JavaThread "Monitor Deflation Thread" daemon [_thread_blocked, id=11976, stack(0x0000005631b00000,0x0000005631c00000)]
  0x000001fcfb01b980 JavaThread "C2 CompilerThread0" daemon [_thread_blocked, id=5152, stack(0x0000005631c00000,0x0000005631d00000)]
  0x000001fcfb07c160 JavaThread "C1 CompilerThread0" daemon [_thread_blocked, id=13100, stack(0x0000005631d00000,0x0000005631e00000)]
  0x000001fcfb07ee20 JavaThread "Sweeper thread" daemon [_thread_blocked, id=6304, stack(0x0000005631e00000,0x0000005631f00000)]
  0x000001fcfb18cb20 JavaThread "Common-Cleaner" daemon [_thread_blocked, id=3624, stack(0x0000005631f00000,0x0000005632000000)]
  0x000001fcfb18cff0 JavaThread "Notification Thread" daemon [_thread_blocked, id=6368, stack(0x0000005632000000,0x0000005632100000)]
  0x000001fcfca79740 JavaThread "Daemon health stats" [_thread_blocked, id=13696, stack(0x0000005632500000,0x0000005632600000)]
  0x000001fcfc821520 JavaThread "Incoming local TCP Connector on port 65024" [_thread_in_native, id=8292, stack(0x0000005632600000,0x0000005632700000)]
  0x000001fcfdd6a920 JavaThread "Daemon periodic checks" [_thread_blocked, id=13360, stack(0x0000005632700000,0x0000005632800000)]
  0x000001fcfd6e0a00 JavaThread "Daemon" [_thread_blocked, id=9344, stack(0x0000005632800000,0x0000005632900000)]
  0x000001fcfc7a40c0 JavaThread "Handler for socket connection from /127.0.0.1:65024 to /127.0.0.1:65025" [_thread_in_native, id=2472, stack(0x0000005632900000,0x0000005632a00000)]
  0x000001fcfd8cd420 JavaThread "Cancel handler" [_thread_blocked, id=2488, stack(0x0000005632a00000,0x0000005632b00000)]
  0x000001fcfd8ce0d0 JavaThread "Daemon worker" [_thread_blocked, id=11068, stack(0x0000005632b00000,0x0000005632c00000)]
  0x000001fcfd6dba30 JavaThread "Asynchronous log dispatcher for DefaultDaemonConnection: socket connection from /127.0.0.1:65024 to /127.0.0.1:65025" [_thread_blocked, id=2420, stack(0x0000005632c00000,0x0000005632d00000)]
  0x000001fcfd6dea50 JavaThread "Daemon client event forwarder" [_thread_blocked, id=12820, stack(0x0000005632e00000,0x0000005632f00000)]
  0x000001fcfd6dd710 JavaThread "Cache worker for journal cache (C:\Users\lahce\.gradle\caches\journal-1)" [_thread_blocked, id=12716, stack(0x0000005632f00000,0x0000005633000000)]
  0x000001fcfd6def20 JavaThread "File lock request listener" [_thread_in_native, id=10956, stack(0x0000005633000000,0x0000005633100000)]
  0x000001fcfd6df3f0 JavaThread "Cache worker for file hash cache (C:\Users\lahce\.gradle\caches\8.0\fileHashes)" [_thread_blocked, id=10472, stack(0x0000005633100000,0x0000005633200000)]
  0x000001fcfd6dd240 JavaThread "File watcher server" daemon [_thread_blocked, id=11452, stack(0x0000005633200000,0x0000005633300000)]
  0x000001fcfd6dc3d0 JavaThread "File watcher consumer" daemon [_thread_blocked, id=13828, stack(0x0000005633300000,0x0000005633400000)]
  0x000001fcfd6dbf00 JavaThread "Cache worker for checksums cache (C:\Users\lahce\AndroidStudioProjects\TodoList\.gradle\8.0\checksums)" [_thread_blocked, id=1256, stack(0x0000005633400000,0x0000005633500000)]
  0x000001fcfd6ddbe0 JavaThread "Cache worker for cache directory md-rule (C:\Users\lahce\.gradle\caches\8.0\md-rule)" [_thread_blocked, id=10728, stack(0x0000005633500000,0x0000005633600000)]
  0x000001fcfd6de0b0 JavaThread "Cache worker for file content cache (C:\Users\lahce\.gradle\caches\8.0\fileContent)" [_thread_blocked, id=5976, stack(0x0000005633600000,0x0000005633700000)]
  0x000001fcfd6de580 JavaThread "Cache worker for file hash cache (C:\Users\lahce\AndroidStudioProjects\TodoList\.gradle\8.0\fileHashes)" [_thread_blocked, id=12344, stack(0x0000005633700000,0x0000005633800000)]
  0x000001fcfd75b970 JavaThread "Cache worker for cache directory md-supplier (C:\Users\lahce\.gradle\caches\8.0\md-supplier)" [_thread_blocked, id=5128, stack(0x0000005633800000,0x0000005633900000)]
  0x000001fcfd75a630 JavaThread "Cache worker for execution history cache (C:\Users\lahce\.gradle\caches\8.0\executionHistory)" [_thread_blocked, id=8004, stack(0x0000005633900000,0x0000005633a00000)]
  0x000001fcfd75ab00 JavaThread "jar transforms" [_thread_blocked, id=12600, stack(0x0000005633b00000,0x0000005633c00000)]
  0x000001fcfd759c90 JavaThread "jar transforms Thread 2" [_thread_blocked, id=12028, stack(0x0000005633c00000,0x0000005633d00000)]
  0x000001fcfd7597c0 JavaThread "jar transforms Thread 3" [_thread_blocked, id=744, stack(0x0000005633a00000,0x0000005633b00000)]
  0x000001fcfd757fb0 JavaThread "jar transforms Thread 4" [_thread_blocked, id=9580, stack(0x0000005633f00000,0x0000005634000000)]
  0x000001fcfd758480 JavaThread "Cache worker for dependencies-accessors (C:\Users\lahce\AndroidStudioProjects\TodoList\.gradle\8.0\dependencies-accessors)" [_thread_blocked, id=6080, stack(0x0000005634000000,0x0000005634100000)]
  0x000001fcfd758e20 JavaThread "Cache worker for Build Output Cleanup Cache (C:\Users\lahce\AndroidStudioProjects\TodoList\.gradle\buildOutputCleanup)" [_thread_blocked, id=2512, stack(0x0000005633e00000,0x0000005633f00000)]
  0x000001fc8f86ed90 JavaThread "Unconstrained build operations" [_thread_blocked, id=3412, stack(0x0000005634100000,0x0000005634200000)]
  0x000001fc8f86f730 JavaThread "Unconstrained build operations Thread 2" [_thread_blocked, id=12660, stack(0x0000005634200000,0x0000005634300000)]
  0x000001fc8f86cbe0 JavaThread "Unconstrained build operations Thread 3" [_thread_blocked, id=1228, stack(0x0000005634300000,0x0000005634400000)]
  0x000001fc8f872c20 JavaThread "Unconstrained build operations Thread 4" [_thread_blocked, id=2704, stack(0x0000005634400000,0x0000005634500000)]
  0x000001fc8f86fc00 JavaThread "Unconstrained build operations Thread 5" [_thread_blocked, id=1476, stack(0x0000005634500000,0x0000005634600000)]
  0x000001fc8f8735c0 JavaThread "Unconstrained build operations Thread 6" [_thread_blocked, id=3960, stack(0x0000005634600000,0x0000005634700000)]
  0x000001fc8f8700d0 JavaThread "Unconstrained build operations Thread 7" [_thread_blocked, id=3176, stack(0x0000005634700000,0x0000005634800000)]
  0x000001fc8f873a90 JavaThread "Unconstrained build operations Thread 8" [_thread_blocked, id=12120, stack(0x0000005634800000,0x0000005634900000)]
  0x000001fc8f872750 JavaThread "Unconstrained build operations Thread 9" [_thread_blocked, id=3732, stack(0x0000005634900000,0x0000005634a00000)]
  0x000001fc8f86d580 JavaThread "Unconstrained build operations Thread 10" [_thread_blocked, id=10280, stack(0x0000005634a00000,0x0000005634b00000)]
  0x000001fc8f86da50 JavaThread "Unconstrained build operations Thread 11" [_thread_blocked, id=12944, stack(0x0000005634b00000,0x0000005634c00000)]
  0x000001fc8f873f60 JavaThread "Unconstrained build operations Thread 12" [_thread_blocked, id=14296, stack(0x0000005634c00000,0x0000005634d00000)]
  0x000001fc8f874430 JavaThread "Unconstrained build operations Thread 13" [_thread_blocked, id=10848, stack(0x0000005634d00000,0x0000005634e00000)]
  0x000001fc8f86d0b0 JavaThread "Unconstrained build operations Thread 14" [_thread_blocked, id=13088, stack(0x0000005634e00000,0x0000005634f00000)]
  0x000001fc8f86df20 JavaThread "Unconstrained build operations Thread 15" [_thread_blocked, id=13968, stack(0x0000005634f00000,0x0000005635000000)]
  0x000001fc8f8705a0 JavaThread "Unconstrained build operations Thread 16" [_thread_blocked, id=9364, stack(0x0000005635000000,0x0000005635100000)]
  0x000001fc8f870a70 JavaThread "Unconstrained build operations Thread 17" [_thread_blocked, id=1160, stack(0x0000005635100000,0x0000005635200000)]
  0x000001fc8f871db0 JavaThread "Unconstrained build operations Thread 18" [_thread_blocked, id=4504, stack(0x0000005635200000,0x0000005635300000)]
  0x000001fc8f870f40 JavaThread "Unconstrained build operations Thread 19" [_thread_blocked, id=5460, stack(0x0000005635300000,0x0000005635400000)]
  0x000001fc8f8718e0 JavaThread "Unconstrained build operations Thread 20" [_thread_blocked, id=10716, stack(0x0000005635400000,0x0000005635500000)]
  0x000001fc8f86e3f0 JavaThread "Unconstrained build operations Thread 21" [_thread_blocked, id=11840, stack(0x0000005635500000,0x0000005635600000)]
  0x000001fc8f86e8c0 JavaThread "Unconstrained build operations Thread 22" [_thread_blocked, id=896, stack(0x0000005635600000,0x0000005635700000)]
  0x000001fc8f872280 JavaThread "Unconstrained build operations Thread 23" [_thread_blocked, id=1996, stack(0x0000005635700000,0x0000005635800000)]
  0x000001fcfd758950 JavaThread "Unconstrained build operations Thread 24" [_thread_blocked, id=8460, stack(0x0000005635800000,0x0000005635900000)]
  0x000001fc8f262460 JavaThread "Unconstrained build operations Thread 25" [_thread_blocked, id=3052, stack(0x0000005635900000,0x0000005635a00000)]
  0x000001fc8f25d290 JavaThread "Unconstrained build operations Thread 26" [_thread_blocked, id=3396, stack(0x0000005635a00000,0x0000005635b00000)]
  0x000001fc8f2615f0 JavaThread "Unconstrained build operations Thread 27" [_thread_blocked, id=2632, stack(0x0000005635b00000,0x0000005635c00000)]
  0x000001fc8f25d760 JavaThread "Unconstrained build operations Thread 28" [_thread_blocked, id=11428, stack(0x0000005635c00000,0x0000005635d00000)]
  0x000001fc8f25cdc0 JavaThread "Unconstrained build operations Thread 29" [_thread_blocked, id=10136, stack(0x0000005635d00000,0x0000005635e00000)]
  0x000001fc8f2602b0 JavaThread "Unconstrained build operations Thread 30" [_thread_blocked, id=11348, stack(0x0000005635e00000,0x0000005635f00000)]
  0x000001fc8f25e100 JavaThread "Unconstrained build operations Thread 31" [_thread_blocked, id=11456, stack(0x0000005635f00000,0x0000005636000000)]
  0x000001fc8f264140 JavaThread "Unconstrained build operations Thread 32" [_thread_blocked, id=14008, stack(0x0000005636000000,0x0000005636100000)]
  0x000001fc8f262930 JavaThread "Unconstrained build operations Thread 33" [_thread_blocked, id=5220, stack(0x0000005636100000,0x0000005636200000)]
  0x000001fc8f25eaa0 JavaThread "Unconstrained build operations Thread 34" [_thread_blocked, id=6044, stack(0x0000005636200000,0x0000005636300000)]
  0x000001fc8f263c70 JavaThread "Unconstrained build operations Thread 35" [_thread_blocked, id=6404, stack(0x0000005636300000,0x0000005636400000)]
  0x000001fc8f25fde0 JavaThread "Unconstrained build operations Thread 36" [_thread_blocked, id=6456, stack(0x0000005636400000,0x0000005636500000)]
  0x000001fc8f25ef70 JavaThread "Unconstrained build operations Thread 37" [_thread_blocked, id=4804, stack(0x0000005636500000,0x0000005636600000)]
  0x000001fc8f2632d0 JavaThread "Unconstrained build operations Thread 38" [_thread_blocked, id=14148, stack(0x0000005636600000,0x0000005636700000)]
  0x000001fc8f260c50 JavaThread "Unconstrained build operations Thread 39" [_thread_blocked, id=11656, stack(0x0000005636700000,0x0000005636800000)]
  0x000001fc8f261ac0 JavaThread "Unconstrained build operations Thread 40" [_thread_blocked, id=6096, stack(0x0000005636800000,0x0000005636900000)]
  0x000001fc8f25f440 JavaThread "build event listener" [_thread_blocked, id=12156, stack(0x0000005636a00000,0x0000005636b00000)]
  0x000001fc8f25e5d0 JavaThread "Memory manager" [_thread_blocked, id=5044, stack(0x0000005636d00000,0x0000005636e00000)]
  0x000001fc8f261f90 JavaThread "pool-3-thread-1" [_thread_blocked, id=12728, stack(0x0000005636e00000,0x0000005636f00000)]
  0x000001fc8f2637a0 JavaThread "build event listener" [_thread_blocked, id=10652, stack(0x0000005636f00000,0x0000005637000000)]
  0x000001fc8f262e00 JavaThread "included builds" [_thread_blocked, id=12096, stack(0x0000005637000000,0x0000005637100000)]
  0x000001fc90776600 JavaThread "Execution worker" [_thread_blocked, id=9372, stack(0x0000005637100000,0x0000005637200000)]
  0x000001fc90776130 JavaThread "Execution worker Thread 2" [_thread_blocked, id=4112, stack(0x0000005637200000,0x0000005637300000)]
  0x000001fc90777e10 JavaThread "Execution worker Thread 3" [_thread_blocked, id=3724, stack(0x0000005637300000,0x0000005637400000)]
  0x000001fc90779150 JavaThread "Cache worker for execution history cache (C:\Users\lahce\AndroidStudioProjects\TodoList\.gradle\8.0\executionHistory)" [_thread_blocked, id=8884, stack(0x0000005637400000,0x0000005637500000)]
  0x000001fc907782e0 JavaThread "WorkerExecutor Queue" [_thread_blocked, id=2036, stack(0x0000005637500000,0x0000005637600000)]
  0x000001fc90ad0080 JavaThread "C2 CompilerThread1" daemon [_thread_blocked, id=428, stack(0x0000005630c00000,0x0000005630d00000)]
  0x000001fc90775790 JavaThread "WorkerExecutor Queue Thread 2" [_thread_blocked, id=2556, stack(0x0000005630d00000,0x0000005630e00000)]
  0x000001fc90775c60 JavaThread "WorkerExecutor Queue Thread 4" [_thread_blocked, id=1572, stack(0x0000005637600000,0x0000005637700000)]
  0x000001fc90774df0 JavaThread "WorkerExecutor Queue Thread 5" [_thread_blocked, id=11816, stack(0x0000005632d00000,0x0000005632e00000)]
  0x000001fc8f707f10 JavaThread "pool-4-thread-1" [_thread_blocked, id=13428, stack(0x0000005637800000,0x0000005637900000)]
  0x000001fc8f70df50 JavaThread "stderr" [_thread_in_native, id=7760, stack(0x0000005636900000,0x0000005636a00000)]
  0x000001fc8f7088b0 JavaThread "stdout" [_thread_in_native, id=7936, stack(0x0000005637900000,0x0000005637a00000)]

Other Threads:
=>0x000001fcfa62f620 VMThread "VM Thread" [stack: 0x0000005631500000,0x0000005631600000] [id=2884]
  0x000001fcfb1887f0 WatcherThread [stack: 0x0000005632100000,0x0000005632200000] [id=10476]
  0x000001fcee15b0c0 GCTaskThread "GC Thread#0" [stack: 0x0000005631000000,0x0000005631100000] [id=13368]
  0x000001fcfb4563d0 GCTaskThread "GC Thread#1" [stack: 0x0000005632200000,0x0000005632300000] [id=11576]
  0x000001fcfb497310 GCTaskThread "GC Thread#2" [stack: 0x0000005632300000,0x0000005632400000] [id=12868]
  0x000001fcfbfdb5f0 GCTaskThread "GC Thread#3" [stack: 0x0000005632400000,0x0000005632500000] [id=13404]
  0x000001fcee16bf10 ConcurrentGCThread "G1 Main Marker" [stack: 0x0000005631100000,0x0000005631200000] [id=10360]
  0x000001fcee16c830 ConcurrentGCThread "G1 Conc#0" [stack: 0x0000005631200000,0x0000005631300000] [id=13780]
  0x000001fcee1cecb0 ConcurrentGCThread "G1 Refine#0" [stack: 0x0000005631300000,0x0000005631400000] [id=13376]
  0x000001fcfdab9550 ConcurrentGCThread "G1 Refine#1" [stack: 0x0000005633d00000,0x0000005633e00000] [id=14176]
  0x000001fcfa4826f0 ConcurrentGCThread "G1 Service" [stack: 0x0000005631400000,0x0000005631500000] [id=12972]

Threads with active compile tasks:
C2 CompilerThread0    83988 16153   !   4       com.google.common.reflect.TypeVisitor::visit (244 bytes)
C2 CompilerThread1    83988 16133       4       org.gradle.internal.snapshot.impl.AbstractValueProcessor::processValue (775 bytes)

VM state: at safepoint (normal execution)

VM Mutex/Monitor currently owned by a thread:  ([mutex/lock_event])
[0x000001fcee0fae20] Threads_lock - owner thread: 0x000001fcfa62f620
[0x000001fcee0fc0b0] Heap_lock - owner thread: 0x000001fc90774df0

Heap address: 0x0000000080000000, size: 2048 MB, Compressed Oops mode: 32-bit

CDS archive(s) not mapped
Compressed class space mapped at: 0x0000000100000000-0x0000000140000000, reserved size: 1073741824
Narrow klass base: 0x0000000000000000, Narrow klass shift: 3, Narrow klass range: 0x140000000

GC Precious Log:
 CPUs: 4 total, 4 available
 Memory: 8071M
 Large Page Support: Disabled
 NUMA Support: Disabled
 Compressed Oops: Enabled (32-bit)
 Heap Region Size: 1M
 Heap Min Capacity: 8M
 Heap Initial Capacity: 128M
 Heap Max Capacity: 2G
 Pre-touch: Disabled
 Parallel Workers: 4
 Concurrent Workers: 1
 Concurrent Refinement Workers: 4
 Periodic GC: Disabled

Heap:
 garbage-first heap   total 238592K, used 179991K [0x0000000080000000, 0x0000000100000000)
  region size 1024K, 4 young (4096K), 4 survivors (4096K)
 Metaspace       used 118846K, committed 119552K, reserved 1155072K
  class space    used 15630K, committed 15936K, reserved 1048576K

Heap Regions: E=young(eden), S=young(survivor), O=old, HS=humongous(starts), HC=humongous(continues), CS=collection set, F=free, OA=open archive, CA=closed archive, TAMS=top-at-mark-start (previous, next)
|   0|0x0000000080000000, 0x0000000080100000, 0x0000000080100000|100%| O|  |TAMS 0x0000000080100000, 0x0000000080100000| Untracked 
|   1|0x0000000080100000, 0x0000000080200000, 0x0000000080200000|100%| O|  |TAMS 0x0000000080200000, 0x0000000080200000| Untracked 
|   2|0x0000000080200000, 0x0000000080300000, 0x0000000080300000|100%|HS|  |TAMS 0x0000000080300000, 0x0000000080300000| Complete 
|   3|0x0000000080300000, 0x0000000080400000, 0x0000000080400000|100%|HC|  |TAMS 0x0000000080400000, 0x0000000080400000| Complete 
|   4|0x0000000080400000, 0x0000000080500000, 0x0000000080500000|100%|HC|  |TAMS 0x0000000080500000, 0x0000000080500000| Complete 
|   5|0x0000000080500000, 0x0000000080600000, 0x0000000080600000|100%|HC|  |TAMS 0x0000000080600000, 0x0000000080600000| Complete 
|   6|0x0000000080600000, 0x0000000080700000, 0x0000000080700000|100%| O|  |TAMS 0x0000000080700000, 0x0000000080700000| Untracked 
|   7|0x0000000080700000, 0x0000000080800000, 0x0000000080800000|100%| O|  |TAMS 0x0000000080800000, 0x0000000080800000| Untracked 
|   8|0x0000000080800000, 0x0000000080900000, 0x0000000080900000|100%| O|  |TAMS 0x0000000080900000, 0x0000000080900000| Untracked 
|   9|0x0000000080900000, 0x0000000080a00000, 0x0000000080a00000|100%| O|  |TAMS 0x0000000080a00000, 0x0000000080a00000| Untracked 
|  10|0x0000000080a00000, 0x0000000080b00000, 0x0000000080b00000|100%| O|  |TAMS 0x0000000080b00000, 0x0000000080b00000| Untracked 
|  11|0x0000000080b00000, 0x0000000080c00000, 0x0000000080c00000|100%| O|  |TAMS 0x0000000080c00000, 0x0000000080c00000| Untracked 
|  12|0x0000000080c00000, 0x0000000080d00000, 0x0000000080d00000|100%| O|  |TAMS 0x0000000080d00000, 0x0000000080d00000| Untracked 
|  13|0x0000000080d00000, 0x0000000080e00000, 0x0000000080e00000|100%| O|  |TAMS 0x0000000080e00000, 0x0000000080e00000| Untracked 
|  14|0x0000000080e00000, 0x0000000080f00000, 0x0000000080f00000|100%| O|  |TAMS 0x0000000080f00000, 0x0000000080f00000| Untracked 
|  15|0x0000000080f00000, 0x0000000081000000, 0x0000000081000000|100%| O|  |TAMS 0x0000000081000000, 0x0000000081000000| Untracked 
|  16|0x0000000081000000, 0x0000000081100000, 0x0000000081100000|100%| O|  |TAMS 0x0000000081100000, 0x0000000081100000| Untracked 
|  17|0x0000000081100000, 0x0000000081200000, 0x0000000081200000|100%| O|  |TAMS 0x0000000081200000, 0x0000000081200000| Untracked 
|  18|0x0000000081200000, 0x0000000081300000, 0x0000000081300000|100%| O|  |TAMS 0x0000000081300000, 0x0000000081300000| Untracked 
|  19|0x0000000081300000, 0x0000000081400000, 0x0000000081400000|100%| O|  |TAMS 0x0000000081400000, 0x0000000081400000| Untracked 
|  20|0x0000000081400000, 0x0000000081500000, 0x0000000081500000|100%| O|  |TAMS 0x0000000081500000, 0x0000000081500000| Untracked 
|  21|0x0000000081500000, 0x0000000081600000, 0x0000000081600000|100%| O|  |TAMS 0x0000000081600000, 0x0000000081600000| Untracked 
|  22|0x0000000081600000, 0x0000000081700000, 0x0000000081700000|100%| O|  |TAMS 0x0000000081700000, 0x0000000081700000| Untracked 
|  23|0x0000000081700000, 0x0000000081800000, 0x0000000081800000|100%| O|  |TAMS 0x0000000081800000, 0x0000000081800000| Untracked 
|  24|0x0000000081800000, 0x0000000081900000, 0x0000000081900000|100%| O|  |TAMS 0x0000000081900000, 0x0000000081900000| Untracked 
|  25|0x0000000081900000, 0x0000000081a00000, 0x0000000081a00000|100%| O|  |TAMS 0x0000000081a00000, 0x0000000081a00000| Untracked 
|  26|0x0000000081a00000, 0x0000000081b00000, 0x0000000081b00000|100%| O|  |TAMS 0x0000000081b00000, 0x0000000081b00000| Untracked 
|  27|0x0000000081b00000, 0x0000000081c00000, 0x0000000081c00000|100%| O|  |TAMS 0x0000000081c00000, 0x0000000081c00000| Untracked 
|  28|0x0000000081c00000, 0x0000000081d00000, 0x0000000081d00000|100%| O|  |TAMS 0x0000000081d00000, 0x0000000081d00000| Untracked 
|  29|0x0000000081d00000, 0x0000000081e00000, 0x0000000081e00000|100%| O|  |TAMS 0x0000000081e00000, 0x0000000081e00000| Untracked 
|  30|0x0000000081e00000, 0x0000000081f00000, 0x0000000081f00000|100%| O|  |TAMS 0x0000000081f00000, 0x0000000081f00000| Untracked 
|  31|0x0000000081f00000, 0x0000000082000000, 0x0000000082000000|100%| O|  |TAMS 0x0000000082000000, 0x0000000082000000| Untracked 
|  32|0x0000000082000000, 0x0000000082100000, 0x0000000082100000|100%| O|  |TAMS 0x0000000082100000, 0x0000000082100000| Untracked 
|  33|0x0000000082100000, 0x0000000082200000, 0x0000000082200000|100%| O|  |TAMS 0x0000000082200000, 0x0000000082200000| Untracked 
|  34|0x0000000082200000, 0x0000000082300000, 0x0000000082300000|100%| O|  |TAMS 0x0000000082300000, 0x0000000082300000| Untracked 
|  35|0x0000000082300000, 0x0000000082400000, 0x0000000082400000|100%| O|  |TAMS 0x0000000082400000, 0x0000000082400000| Untracked 
|  36|0x0000000082400000, 0x0000000082500000, 0x0000000082500000|100%| O|  |TAMS 0x0000000082500000, 0x0000000082500000| Untracked 
|  37|0x0000000082500000, 0x0000000082600000, 0x0000000082600000|100%| O|  |TAMS 0x0000000082600000, 0x0000000082600000| Untracked 
|  38|0x0000000082600000, 0x0000000082700000, 0x0000000082700000|100%|HS|  |TAMS 0x0000000082700000, 0x0000000082700000| Complete 
|  39|0x0000000082700000, 0x0000000082800000, 0x0000000082800000|100%|HS|  |TAMS 0x0000000082800000, 0x0000000082800000| Complete 
|  40|0x0000000082800000, 0x0000000082900000, 0x0000000082900000|100%|HC|  |TAMS 0x0000000082900000, 0x0000000082900000| Complete 
|  41|0x0000000082900000, 0x0000000082a00000, 0x0000000082a00000|100%|HS|  |TAMS 0x0000000082a00000, 0x0000000082a00000| Complete 
|  42|0x0000000082a00000, 0x0000000082b00000, 0x0000000082b00000|100%| O|  |TAMS 0x0000000082b00000, 0x0000000082b00000| Untracked 
|  43|0x0000000082b00000, 0x0000000082c00000, 0x0000000082c00000|100%| O|  |TAMS 0x0000000082c00000, 0x0000000082c00000| Untracked 
|  44|0x0000000082c00000, 0x0000000082d00000, 0x0000000082d00000|100%|HS|  |TAMS 0x0000000082d00000, 0x0000000082d00000| Complete 
|  45|0x0000000082d00000, 0x0000000082e00000, 0x0000000082e00000|100%|HC|  |TAMS 0x0000000082e00000, 0x0000000082e00000| Complete 
|  46|0x0000000082e00000, 0x0000000082f00000, 0x0000000082f00000|100%|HC|  |TAMS 0x0000000082f00000, 0x0000000082f00000| Complete 
|  47|0x0000000082f00000, 0x0000000083000000, 0x0000000083000000|100%|HC|  |TAMS 0x0000000083000000, 0x0000000083000000| Complete 
|  48|0x0000000083000000, 0x0000000083100000, 0x0000000083100000|100%| O|  |TAMS 0x0000000083100000, 0x0000000083100000| Untracked 
|  49|0x0000000083100000, 0x0000000083200000, 0x0000000083200000|100%| O|  |TAMS 0x0000000083200000, 0x0000000083200000| Untracked 
|  50|0x0000000083200000, 0x0000000083300000, 0x0000000083300000|100%| O|  |TAMS 0x0000000083300000, 0x0000000083300000| Untracked 
|  51|0x0000000083300000, 0x0000000083400000, 0x0000000083400000|100%| O|  |TAMS 0x0000000083400000, 0x0000000083400000| Untracked 
|  52|0x0000000083400000, 0x0000000083500000, 0x0000000083500000|100%| O|  |TAMS 0x0000000083500000, 0x0000000083500000| Untracked 
|  53|0x0000000083500000, 0x0000000083600000, 0x0000000083600000|100%| O|  |TAMS 0x0000000083600000, 0x0000000083600000| Untracked 
|  54|0x0000000083600000, 0x0000000083700000, 0x0000000083700000|100%| O|  |TAMS 0x0000000083700000, 0x0000000083700000| Untracked 
|  55|0x0000000083700000, 0x0000000083800000, 0x0000000083800000|100%| O|  |TAMS 0x0000000083800000, 0x0000000083800000| Untracked 
|  56|0x0000000083800000, 0x0000000083900000, 0x0000000083900000|100%| O|  |TAMS 0x0000000083900000, 0x0000000083900000| Untracked 
|  57|0x0000000083900000, 0x0000000083a00000, 0x0000000083a00000|100%| O|  |TAMS 0x0000000083a00000, 0x0000000083a00000| Untracked 
|  58|0x0000000083a00000, 0x0000000083b00000, 0x0000000083b00000|100%| O|  |TAMS 0x0000000083b00000, 0x0000000083b00000| Untracked 
|  59|0x0000000083b00000, 0x0000000083c00000, 0x0000000083c00000|100%| O|  |TAMS 0x0000000083c00000, 0x0000000083c00000| Untracked 
|  60|0x0000000083c00000, 0x0000000083d00000, 0x0000000083d00000|100%| O|  |TAMS 0x0000000083d00000, 0x0000000083d00000| Untracked 
|  61|0x0000000083d00000, 0x0000000083e00000, 0x0000000083e00000|100%| O|  |TAMS 0x0000000083e00000, 0x0000000083e00000| Untracked 
|  62|0x0000000083e00000, 0x0000000083f00000, 0x0000000083f00000|100%| O|  |TAMS 0x0000000083f00000, 0x0000000083f00000| Untracked 
|  63|0x0000000083f00000, 0x0000000084000000, 0x0000000084000000|100%| O|  |TAMS 0x0000000084000000, 0x0000000084000000| Untracked 
|  64|0x0000000084000000, 0x0000000084100000, 0x0000000084100000|100%| O|  |TAMS 0x0000000084100000, 0x0000000084100000| Untracked 
|  65|0x0000000084100000, 0x0000000084200000, 0x0000000084200000|100%| O|  |TAMS 0x0000000084200000, 0x0000000084200000| Untracked 
|  66|0x0000000084200000, 0x0000000084300000, 0x0000000084300000|100%| O|  |TAMS 0x0000000084300000, 0x0000000084300000| Untracked 
|  67|0x0000000084300000, 0x0000000084400000, 0x0000000084400000|100%| O|  |TAMS 0x0000000084400000, 0x0000000084400000| Untracked 
|  68|0x0000000084400000, 0x0000000084500000, 0x0000000084500000|100%| O|  |TAMS 0x0000000084500000, 0x0000000084500000| Untracked 
|  69|0x0000000084500000, 0x0000000084600000, 0x0000000084600000|100%| O|  |TAMS 0x0000000084600000, 0x0000000084600000| Untracked 
|  70|0x0000000084600000, 0x0000000084700000, 0x0000000084700000|100%| O|  |TAMS 0x0000000084700000, 0x0000000084700000| Untracked 
|  71|0x0000000084700000, 0x0000000084800000, 0x0000000084800000|100%| O|  |TAMS 0x0000000084800000, 0x0000000084800000| Untracked 
|  72|0x0000000084800000, 0x0000000084900000, 0x0000000084900000|100%| O|  |TAMS 0x0000000084900000, 0x0000000084900000| Untracked 
|  73|0x0000000084900000, 0x0000000084a00000, 0x0000000084a00000|100%| O|  |TAMS 0x0000000084a00000, 0x0000000084a00000| Untracked 
|  74|0x0000000084a00000, 0x0000000084b00000, 0x0000000084b00000|100%| O|  |TAMS 0x0000000084b00000, 0x0000000084b00000| Untracked 
|  75|0x0000000084b00000, 0x0000000084c00000, 0x0000000084c00000|100%| O|  |TAMS 0x0000000084c00000, 0x0000000084c00000| Untracked 
|  76|0x0000000084c00000, 0x0000000084d00000, 0x0000000084d00000|100%| O|  |TAMS 0x0000000084d00000, 0x0000000084d00000| Untracked 
|  77|0x0000000084d00000, 0x0000000084e00000, 0x0000000084e00000|100%| O|  |TAMS 0x0000000084e00000, 0x0000000084e00000| Untracked 
|  78|0x0000000084e00000, 0x0000000084f00000, 0x0000000084f00000|100%| O|  |TAMS 0x0000000084f00000, 0x0000000084f00000| Untracked 
|  79|0x0000000084f00000, 0x0000000085000000, 0x0000000085000000|100%| O|  |TAMS 0x0000000085000000, 0x0000000085000000| Untracked 
|  80|0x0000000085000000, 0x0000000085100000, 0x0000000085100000|100%| O|  |TAMS 0x0000000085100000, 0x0000000085100000| Untracked 
|  81|0x0000000085100000, 0x0000000085200000, 0x0000000085200000|100%| O|  |TAMS 0x0000000085200000, 0x0000000085200000| Untracked 
|  82|0x0000000085200000, 0x0000000085300000, 0x0000000085300000|100%| O|  |TAMS 0x0000000085300000, 0x0000000085300000| Untracked 
|  83|0x0000000085300000, 0x0000000085400000, 0x0000000085400000|100%| O|  |TAMS 0x0000000085400000, 0x0000000085400000| Untracked 
|  84|0x0000000085400000, 0x0000000085500000, 0x0000000085500000|100%| O|  |TAMS 0x0000000085500000, 0x0000000085500000| Untracked 
|  85|0x0000000085500000, 0x0000000085600000, 0x0000000085600000|100%| O|  |TAMS 0x0000000085500000, 0x0000000085600000| Untracked 
|  86|0x0000000085600000, 0x0000000085700000, 0x0000000085700000|100%| O|  |TAMS 0x0000000085700000, 0x0000000085700000| Untracked 
|  87|0x0000000085700000, 0x0000000085800000, 0x0000000085800000|100%| O|  |TAMS 0x0000000085800000, 0x0000000085800000| Untracked 
|  88|0x0000000085800000, 0x0000000085900000, 0x0000000085900000|100%| O|  |TAMS 0x0000000085900000, 0x0000000085900000| Untracked 
|  89|0x0000000085900000, 0x0000000085a00000, 0x0000000085a00000|100%| O|  |TAMS 0x0000000085a00000, 0x0000000085a00000| Untracked 
|  90|0x0000000085a00000, 0x0000000085b00000, 0x0000000085b00000|100%| O|  |TAMS 0x0000000085b00000, 0x0000000085b00000| Untracked 
|  91|0x0000000085b00000, 0x0000000085c00000, 0x0000000085c00000|100%| O|  |TAMS 0x0000000085c00000, 0x0000000085c00000| Untracked 
|  92|0x0000000085c00000, 0x0000000085d00000, 0x0000000085d00000|100%| O|  |TAMS 0x0000000085d00000, 0x0000000085d00000| Untracked 
|  93|0x0000000085d00000, 0x0000000085e00000, 0x0000000085e00000|100%| O|  |TAMS 0x0000000085e00000, 0x0000000085e00000| Untracked 
|  94|0x0000000085e00000, 0x0000000085f00000, 0x0000000085f00000|100%| O|  |TAMS 0x0000000085f00000, 0x0000000085f00000| Untracked 
|  95|0x0000000085f00000, 0x0000000086000000, 0x0000000086000000|100%| O|  |TAMS 0x0000000086000000, 0x0000000086000000| Untracked 
|  96|0x0000000086000000, 0x0000000086100000, 0x0000000086100000|100%|HS|  |TAMS 0x0000000086000000, 0x0000000086100000| Complete 
|  97|0x0000000086100000, 0x0000000086200000, 0x0000000086200000|100%| O|  |TAMS 0x0000000086200000, 0x0000000086200000| Untracked 
|  98|0x0000000086200000, 0x0000000086300000, 0x0000000086300000|100%| O|  |TAMS 0x0000000086200000, 0x0000000086300000| Untracked 
|  99|0x0000000086300000, 0x0000000086400000, 0x0000000086400000|100%| O|  |TAMS 0x0000000086300000, 0x0000000086400000| Untracked 
| 100|0x0000000086400000, 0x0000000086500000, 0x0000000086500000|100%|HS|  |TAMS 0x0000000086500000, 0x0000000086500000| Complete 
| 101|0x0000000086500000, 0x0000000086600000, 0x0000000086600000|100%| O|  |TAMS 0x0000000086600000, 0x0000000086600000| Untracked 
| 102|0x0000000086600000, 0x0000000086700000, 0x0000000086700000|100%| O|  |TAMS 0x0000000086700000, 0x0000000086700000| Untracked 
| 103|0x0000000086700000, 0x0000000086800000, 0x0000000086800000|100%| O|  |TAMS 0x0000000086800000, 0x0000000086800000| Untracked 
| 104|0x0000000086800000, 0x0000000086900000, 0x0000000086900000|100%| O|  |TAMS 0x0000000086900000, 0x0000000086900000| Untracked 
| 105|0x0000000086900000, 0x0000000086a00000, 0x0000000086a00000|100%| O|  |TAMS 0x0000000086a00000, 0x0000000086a00000| Untracked 
| 106|0x0000000086a00000, 0x0000000086b00000, 0x0000000086b00000|100%| O|  |TAMS 0x0000000086b00000, 0x0000000086b00000| Untracked 
| 107|0x0000000086b00000, 0x0000000086c00000, 0x0000000086c00000|100%| O|  |TAMS 0x0000000086c00000, 0x0000000086c00000| Untracked 
| 108|0x0000000086c00000, 0x0000000086d00000, 0x0000000086d00000|100%| O|  |TAMS 0x0000000086d00000, 0x0000000086d00000| Untracked 
| 109|0x0000000086d00000, 0x0000000086e00000, 0x0000000086e00000|100%| O|  |TAMS 0x0000000086e00000, 0x0000000086e00000| Untracked 
| 110|0x0000000086e00000, 0x0000000086f00000, 0x0000000086f00000|100%| O|  |TAMS 0x0000000086f00000, 0x0000000086f00000| Untracked 
| 111|0x0000000086f00000, 0x0000000087000000, 0x0000000087000000|100%| O|  |TAMS 0x0000000087000000, 0x0000000087000000| Untracked 
| 112|0x0000000087000000, 0x0000000087100000, 0x0000000087100000|100%| O|  |TAMS 0x0000000087100000, 0x0000000087100000| Untracked 
| 113|0x0000000087100000, 0x0000000087200000, 0x0000000087200000|100%| O|  |TAMS 0x0000000087200000, 0x0000000087200000| Untracked 
| 114|0x0000000087200000, 0x0000000087300000, 0x0000000087300000|100%| O|  |TAMS 0x0000000087200000, 0x0000000087300000| Untracked 
| 115|0x0000000087300000, 0x0000000087400000, 0x0000000087400000|100%| O|  |TAMS 0x0000000087300000, 0x0000000087400000| Untracked 
| 116|0x0000000087400000, 0x0000000087500000, 0x0000000087500000|100%| O|  |TAMS 0x0000000087400000, 0x0000000087500000| Untracked 
| 117|0x0000000087500000, 0x0000000087600000, 0x0000000087600000|100%| O|  |TAMS 0x0000000087500000, 0x0000000087600000| Untracked 
| 118|0x0000000087600000, 0x0000000087700000, 0x0000000087700000|100%| O|  |TAMS 0x0000000087600000, 0x0000000087700000| Untracked 
| 119|0x0000000087700000, 0x0000000087800000, 0x0000000087800000|100%| O|  |TAMS 0x0000000087700000, 0x0000000087800000| Untracked 
| 120|0x0000000087800000, 0x0000000087900000, 0x0000000087900000|100%| O|  |TAMS 0x0000000087900000, 0x0000000087900000| Untracked 
| 121|0x0000000087900000, 0x0000000087a00000, 0x0000000087a00000|100%| O|  |TAMS 0x0000000087a00000, 0x0000000087a00000| Untracked 
| 122|0x0000000087a00000, 0x0000000087b00000, 0x0000000087b00000|100%| O|  |TAMS 0x0000000087b00000, 0x0000000087b00000| Untracked 
| 123|0x0000000087b00000, 0x0000000087c00000, 0x0000000087c00000|100%| O|  |TAMS 0x0000000087c00000, 0x0000000087c00000| Untracked 
| 124|0x0000000087c00000, 0x0000000087d00000, 0x0000000087d00000|100%| O|  |TAMS 0x0000000087d00000, 0x0000000087d00000| Untracked 
| 125|0x0000000087d00000, 0x0000000087e00000, 0x0000000087e00000|100%|HS|  |TAMS 0x0000000087d00000, 0x0000000087e00000| Complete 
| 126|0x0000000087e00000, 0x0000000087f00000, 0x0000000087f00000|100%| O|  |TAMS 0x0000000087e7f800, 0x0000000087f00000| Untracked 
| 127|0x0000000087f00000, 0x0000000088000000, 0x0000000088000000|100%| O|  |TAMS 0x0000000087f00000, 0x0000000088000000| Untracked 
| 128|0x0000000088000000, 0x0000000088100000, 0x0000000088100000|100%| O|  |TAMS 0x0000000088000000, 0x0000000088100000| Untracked 
| 129|0x0000000088100000, 0x0000000088200000, 0x0000000088200000|100%| O|  |TAMS 0x0000000088100000, 0x0000000088200000| Untracked 
| 130|0x0000000088200000, 0x0000000088300000, 0x0000000088300000|100%| O|  |TAMS 0x0000000088200000, 0x0000000088300000| Untracked 
| 131|0x0000000088300000, 0x0000000088400000, 0x0000000088400000|100%| O|  |TAMS 0x0000000088300000, 0x0000000088400000| Untracked 
| 132|0x0000000088400000, 0x0000000088500000, 0x0000000088500000|100%| O|  |TAMS 0x0000000088400000, 0x0000000088500000| Untracked 
| 133|0x0000000088500000, 0x0000000088600000, 0x0000000088600000|100%| O|  |TAMS 0x0000000088500000, 0x0000000088600000| Untracked 
| 134|0x0000000088600000, 0x0000000088700000, 0x0000000088700000|100%| O|  |TAMS 0x0000000088600000, 0x0000000088700000| Untracked 
| 135|0x0000000088700000, 0x0000000088800000, 0x0000000088800000|100%|HS|  |TAMS 0x0000000088700000, 0x0000000088800000| Complete 
| 136|0x0000000088800000, 0x0000000088900000, 0x0000000088900000|100%|HC|  |TAMS 0x0000000088800000, 0x0000000088900000| Complete 
| 137|0x0000000088900000, 0x0000000088a00000, 0x0000000088a00000|100%|HS|  |TAMS 0x0000000088900000, 0x0000000088a00000| Complete 
| 138|0x0000000088a00000, 0x0000000088b00000, 0x0000000088b00000|100%|HC|  |TAMS 0x0000000088a00000, 0x0000000088b00000| Complete 
| 139|0x0000000088b00000, 0x0000000088c00000, 0x0000000088c00000|100%|HS|  |TAMS 0x0000000088b00000, 0x0000000088c00000| Complete 
| 140|0x0000000088c00000, 0x0000000088d00000, 0x0000000088d00000|100%|HC|  |TAMS 0x0000000088c00000, 0x0000000088d00000| Complete 
| 141|0x0000000088d00000, 0x0000000088e00000, 0x0000000088e00000|100%|HS|  |TAMS 0x0000000088d00000, 0x0000000088e00000| Complete 
| 142|0x0000000088e00000, 0x0000000088f00000, 0x0000000088f00000|100%|HC|  |TAMS 0x0000000088e00000, 0x0000000088f00000| Complete 
| 143|0x0000000088f00000, 0x0000000089000000, 0x0000000089000000|100%|HC|  |TAMS 0x0000000088f00000, 0x0000000089000000| Complete 
| 144|0x0000000089000000, 0x0000000089100000, 0x0000000089100000|100%| O|  |TAMS 0x0000000089000000, 0x0000000089100000| Untracked 
| 145|0x0000000089100000, 0x0000000089200000, 0x0000000089200000|100%| O|  |TAMS 0x0000000089100000, 0x0000000089200000| Untracked 
| 146|0x0000000089200000, 0x0000000089300000, 0x0000000089300000|100%| O|  |TAMS 0x0000000089200000, 0x0000000089300000| Untracked 
| 147|0x0000000089300000, 0x0000000089400000, 0x0000000089400000|100%| O|  |TAMS 0x0000000089300000, 0x0000000089312200| Untracked 
| 148|0x0000000089400000, 0x0000000089400000, 0x0000000089500000|  0%| F|  |TAMS 0x0000000089400000, 0x0000000089400000| Untracked 
| 149|0x0000000089500000, 0x0000000089500000, 0x0000000089600000|  0%| F|  |TAMS 0x0000000089500000, 0x0000000089500000| Untracked 
| 150|0x0000000089600000, 0x0000000089600000, 0x0000000089700000|  0%| F|  |TAMS 0x0000000089600000, 0x0000000089600000| Untracked 
| 151|0x0000000089700000, 0x0000000089800000, 0x0000000089800000|100%|HS|  |TAMS 0x0000000089700000, 0x0000000089800000| Complete 
| 152|0x0000000089800000, 0x0000000089900000, 0x0000000089900000|100%|HC|  |TAMS 0x0000000089800000, 0x0000000089900000| Complete 
| 153|0x0000000089900000, 0x0000000089a00000, 0x0000000089a00000|100%| O|  |TAMS 0x0000000089900000, 0x0000000089900000| Untracked 
| 154|0x0000000089a00000, 0x0000000089b00000, 0x0000000089b00000|100%|HS|  |TAMS 0x0000000089a00000, 0x0000000089b00000| Complete 
| 155|0x0000000089b00000, 0x0000000089c00000, 0x0000000089c00000|100%| O|  |TAMS 0x0000000089b00000, 0x0000000089b00000| Untracked 
| 156|0x0000000089c00000, 0x0000000089d00000, 0x0000000089d00000|100%|HS|  |TAMS 0x0000000089c00000, 0x0000000089d00000| Complete 
| 157|0x0000000089d00000, 0x0000000089e00000, 0x0000000089e00000|100%|HS|  |TAMS 0x0000000089d00000, 0x0000000089d00000| Complete 
| 158|0x0000000089e00000, 0x0000000089f00000, 0x0000000089f00000|100%|HC|  |TAMS 0x0000000089e00000, 0x0000000089e00000| Complete 
| 159|0x0000000089f00000, 0x000000008a000000, 0x000000008a000000|100%|HC|  |TAMS 0x0000000089f00000, 0x0000000089f00000| Complete 
| 160|0x000000008a000000, 0x000000008a100000, 0x000000008a100000|100%|HS|  |TAMS 0x000000008a000000, 0x000000008a100000| Complete 
| 161|0x000000008a100000, 0x000000008a200000, 0x000000008a200000|100%|HC|  |TAMS 0x000000008a100000, 0x000000008a200000| Complete 
| 162|0x000000008a200000, 0x000000008a300000, 0x000000008a300000|100%| O|  |TAMS 0x000000008a200000, 0x000000008a200000| Untracked 
| 163|0x000000008a300000, 0x000000008a400000, 0x000000008a400000|100%| O|  |TAMS 0x000000008a300000, 0x000000008a300000| Untracked 
| 164|0x000000008a400000, 0x000000008a500000, 0x000000008a500000|100%| O|  |TAMS 0x000000008a400000, 0x000000008a400000| Untracked 
| 165|0x000000008a500000, 0x000000008a600000, 0x000000008a600000|100%|HS|  |TAMS 0x000000008a500000, 0x000000008a600000| Complete 
| 166|0x000000008a600000, 0x000000008a700000, 0x000000008a700000|100%|HC|  |TAMS 0x000000008a600000, 0x000000008a700000| Complete 
| 167|0x000000008a700000, 0x000000008a700000, 0x000000008a800000|  0%| F|  |TAMS 0x000000008a700000, 0x000000008a700000| Untracked 
| 168|0x000000008a800000, 0x000000008a800000, 0x000000008a900000|  0%| F|  |TAMS 0x000000008a800000, 0x000000008a800000| Untracked 
| 169|0x000000008a900000, 0x000000008a900000, 0x000000008aa00000|  0%| F|  |TAMS 0x000000008a900000, 0x000000008a900000| Untracked 
| 170|0x000000008aa00000, 0x000000008ab00000, 0x000000008ab00000|100%| O|  |TAMS 0x000000008aa00000, 0x000000008aa00000| Untracked 
| 171|0x000000008ab00000, 0x000000008abc5e00, 0x000000008ac00000| 77%| O|  |TAMS 0x000000008ab00000, 0x000000008ab00000| Untracked 
| 172|0x000000008ac00000, 0x000000008ac00000, 0x000000008ad00000|  0%| F|  |TAMS 0x000000008ac00000, 0x000000008ac00000| Untracked 
| 173|0x000000008ad00000, 0x000000008ad00000, 0x000000008ae00000|  0%| F|  |TAMS 0x000000008ad00000, 0x000000008ad00000| Untracked 
| 174|0x000000008ae00000, 0x000000008ae00000, 0x000000008af00000|  0%| F|  |TAMS 0x000000008ae00000, 0x000000008ae00000| Untracked 
| 175|0x000000008af00000, 0x000000008b000000, 0x000000008b000000|100%| O|  |TAMS 0x000000008af00000, 0x000000008af00000| Untracked 
| 176|0x000000008b000000, 0x000000008b100000, 0x000000008b100000|100%| O|  |TAMS 0x000000008b000000, 0x000000008b000000| Untracked 
| 177|0x000000008b100000, 0x000000008b200000, 0x000000008b200000|100%| O|  |TAMS 0x000000008b100000, 0x000000008b100000| Untracked 
| 178|0x000000008b200000, 0x000000008b300000, 0x000000008b300000|100%| O|  |TAMS 0x000000008b200000, 0x000000008b200000| Untracked 
| 179|0x000000008b300000, 0x000000008b400000, 0x000000008b400000|100%| O|  |TAMS 0x000000008b300000, 0x000000008b300000| Untracked 
| 180|0x000000008b400000, 0x000000008b400000, 0x000000008b500000|  0%| F|  |TAMS 0x000000008b400000, 0x000000008b400000| Untracked 
| 181|0x000000008b500000, 0x000000008b500000, 0x000000008b600000|  0%| F|  |TAMS 0x000000008b500000, 0x000000008b500000| Untracked 
| 182|0x000000008b600000, 0x000000008b700000, 0x000000008b700000|100%| O|  |TAMS 0x000000008b600000, 0x000000008b600000| Untracked 
| 183|0x000000008b700000, 0x000000008b700000, 0x000000008b800000|  0%| F|  |TAMS 0x000000008b700000, 0x000000008b700000| Untracked 
| 184|0x000000008b800000, 0x000000008b800000, 0x000000008b900000|  0%| F|  |TAMS 0x000000008b800000, 0x000000008b800000| Untracked 
| 185|0x000000008b900000, 0x000000008b900000, 0x000000008ba00000|  0%| F|  |TAMS 0x000000008b900000, 0x000000008b900000| Untracked 
| 186|0x000000008ba00000, 0x000000008ba00000, 0x000000008bb00000|  0%| F|  |TAMS 0x000000008ba00000, 0x000000008ba00000| Untracked 
| 187|0x000000008bb00000, 0x000000008bb00000, 0x000000008bc00000|  0%| F|  |TAMS 0x000000008bb00000, 0x000000008bb00000| Untracked 
| 188|0x000000008bc00000, 0x000000008bc00000, 0x000000008bd00000|  0%| F|  |TAMS 0x000000008bc00000, 0x000000008bc00000| Untracked 
| 189|0x000000008bd00000, 0x000000008bd00000, 0x000000008be00000|  0%| F|  |TAMS 0x000000008bd00000, 0x000000008bd00000| Untracked 
| 190|0x000000008be00000, 0x000000008be00000, 0x000000008bf00000|  0%| F|  |TAMS 0x000000008be00000, 0x000000008be00000| Untracked 
| 191|0x000000008bf00000, 0x000000008bf00000, 0x000000008c000000|  0%| F|  |TAMS 0x000000008bf00000, 0x000000008bf00000| Untracked 
| 192|0x000000008c000000, 0x000000008c000000, 0x000000008c100000|  0%| F|  |TAMS 0x000000008c000000, 0x000000008c000000| Untracked 
| 193|0x000000008c100000, 0x000000008c100000, 0x000000008c200000|  0%| F|  |TAMS 0x000000008c100000, 0x000000008c100000| Untracked 
| 194|0x000000008c200000, 0x000000008c200000, 0x000000008c300000|  0%| F|  |TAMS 0x000000008c200000, 0x000000008c200000| Untracked 
| 195|0x000000008c300000, 0x000000008c300000, 0x000000008c400000|  0%| F|  |TAMS 0x000000008c300000, 0x000000008c300000| Untracked 
| 196|0x000000008c400000, 0x000000008c400000, 0x000000008c500000|  0%| F|  |TAMS 0x000000008c400000, 0x000000008c400000| Untracked 
| 197|0x000000008c500000, 0x000000008c500000, 0x000000008c600000|  0%| F|  |TAMS 0x000000008c500000, 0x000000008c500000| Untracked 
| 198|0x000000008c600000, 0x000000008c600000, 0x000000008c700000|  0%| F|  |TAMS 0x000000008c600000, 0x000000008c600000| Untracked 
| 199|0x000000008c700000, 0x000000008c700000, 0x000000008c800000|  0%| F|  |TAMS 0x000000008c700000, 0x000000008c700000| Untracked 
| 200|0x000000008c800000, 0x000000008c800000, 0x000000008c900000|  0%| F|  |TAMS 0x000000008c800000, 0x000000008c800000| Untracked 
| 201|0x000000008c900000, 0x000000008c900000, 0x000000008ca00000|  0%| F|  |TAMS 0x000000008c900000, 0x000000008c900000| Untracked 
| 202|0x000000008ca00000, 0x000000008ca00000, 0x000000008cb00000|  0%| F|  |TAMS 0x000000008ca00000, 0x000000008ca00000| Untracked 
| 203|0x000000008cb00000, 0x000000008cc00000, 0x000000008cc00000|100%| S|CS|TAMS 0x000000008cb00000, 0x000000008cb00000| Complete 
| 204|0x000000008cc00000, 0x000000008cd00000, 0x000000008cd00000|100%| S|CS|TAMS 0x000000008cc00000, 0x000000008cc00000| Complete 
| 205|0x000000008cd00000, 0x000000008ce00000, 0x000000008ce00000|100%| S|CS|TAMS 0x000000008cd00000, 0x000000008cd00000| Complete 
| 206|0x000000008ce00000, 0x000000008cf00000, 0x000000008cf00000|100%| S|CS|TAMS 0x000000008ce00000, 0x000000008ce00000| Complete 
| 207|0x000000008cf00000, 0x000000008cf00000, 0x000000008d000000|  0%| F|  |TAMS 0x000000008cf00000, 0x000000008cf00000| Untracked 
| 208|0x000000008d000000, 0x000000008d000000, 0x000000008d100000|  0%| F|  |TAMS 0x000000008d000000, 0x000000008d000000| Untracked 
| 209|0x000000008d100000, 0x000000008d100000, 0x000000008d200000|  0%| F|  |TAMS 0x000000008d100000, 0x000000008d100000| Untracked 
| 210|0x000000008d200000, 0x000000008d200000, 0x000000008d300000|  0%| F|  |TAMS 0x000000008d200000, 0x000000008d200000| Untracked 
| 211|0x000000008d300000, 0x000000008d300000, 0x000000008d400000|  0%| F|  |TAMS 0x000000008d300000, 0x000000008d300000| Untracked 
| 212|0x000000008d400000, 0x000000008d400000, 0x000000008d500000|  0%| F|  |TAMS 0x000000008d400000, 0x000000008d400000| Untracked 
| 213|0x000000008d500000, 0x000000008d500000, 0x000000008d600000|  0%| F|  |TAMS 0x000000008d500000, 0x000000008d500000| Untracked 
| 214|0x000000008d600000, 0x000000008d600000, 0x000000008d700000|  0%| F|  |TAMS 0x000000008d600000, 0x000000008d600000| Untracked 
| 215|0x000000008d700000, 0x000000008d700000, 0x000000008d800000|  0%| F|  |TAMS 0x000000008d700000, 0x000000008d700000| Untracked 
| 216|0x000000008d800000, 0x000000008d800000, 0x000000008d900000|  0%| F|  |TAMS 0x000000008d800000, 0x000000008d800000| Untracked 
| 217|0x000000008d900000, 0x000000008d900000, 0x000000008da00000|  0%| F|  |TAMS 0x000000008d900000, 0x000000008d900000| Untracked 
| 218|0x000000008da00000, 0x000000008da00000, 0x000000008db00000|  0%| F|  |TAMS 0x000000008da00000, 0x000000008da00000| Untracked 
| 219|0x000000008db00000, 0x000000008db00000, 0x000000008dc00000|  0%| F|  |TAMS 0x000000008db00000, 0x000000008db00000| Untracked 
| 220|0x000000008dc00000, 0x000000008dc00000, 0x000000008dd00000|  0%| F|  |TAMS 0x000000008dc00000, 0x000000008dc00000| Untracked 
| 221|0x000000008dd00000, 0x000000008dd00000, 0x000000008de00000|  0%| F|  |TAMS 0x000000008dd00000, 0x000000008dd00000| Untracked 
| 222|0x000000008de00000, 0x000000008de00000, 0x000000008df00000|  0%| F|  |TAMS 0x000000008de00000, 0x000000008de00000| Untracked 
| 223|0x000000008df00000, 0x000000008df00000, 0x000000008e000000|  0%| F|  |TAMS 0x000000008df00000, 0x000000008df00000| Untracked 
| 224|0x000000008e000000, 0x000000008e000000, 0x000000008e100000|  0%| F|  |TAMS 0x000000008e000000, 0x000000008e000000| Untracked 
| 225|0x000000008e100000, 0x000000008e100000, 0x000000008e200000|  0%| F|  |TAMS 0x000000008e100000, 0x000000008e100000| Untracked 
| 226|0x000000008e200000, 0x000000008e200000, 0x000000008e300000|  0%| F|  |TAMS 0x000000008e200000, 0x000000008e200000| Untracked 
| 227|0x000000008e300000, 0x000000008e300000, 0x000000008e400000|  0%| F|  |TAMS 0x000000008e300000, 0x000000008e300000| Untracked 
| 228|0x000000008e400000, 0x000000008e400000, 0x000000008e500000|  0%| F|  |TAMS 0x000000008e400000, 0x000000008e400000| Untracked 
| 229|0x000000008e500000, 0x000000008e500000, 0x000000008e600000|  0%| F|  |TAMS 0x000000008e500000, 0x000000008e500000| Untracked 
| 230|0x000000008e600000, 0x000000008e600000, 0x000000008e700000|  0%| F|  |TAMS 0x000000008e600000, 0x000000008e600000| Untracked 
| 231|0x000000008e700000, 0x000000008e700000, 0x000000008e800000|  0%| F|  |TAMS 0x000000008e700000, 0x000000008e700000| Untracked 
| 232|0x000000008e800000, 0x000000008e800000, 0x000000008e900000|  0%| F|  |TAMS 0x000000008e800000, 0x000000008e800000| Untracked 

Card table byte_map: [0x000001fcf37e0000,0x000001fcf3be0000] _byte_map_base: 0x000001fcf33e0000

Marking Bits (Prev, Next): (CMBitMap*) 0x000001fcee15b5e0, (CMBitMap*) 0x000001fcee15b620
 Prev Bits: [0x000001fcf3fe0000, 0x000001fcf5fe0000)
 Next Bits: [0x000001fcf5fe0000, 0x000001fcf7fe0000)

Polling page: 0x000001fcee1d0000

Metaspace:

Usage:
  Non-class:    100.80 MB used.
      Class:     15.26 MB used.
       Both:    116.06 MB used.

Virtual space:
  Non-class space:      104.00 MB reserved,     101.19 MB ( 97%) committed,  13 nodes.
      Class space:        1.00 GB reserved,      15.56 MB (  2%) committed,  1 nodes.
             Both:        1.10 GB reserved,     116.75 MB ( 10%) committed. 

Chunk freelists:
   Non-Class:  2.77 MB
       Class:  448.00 KB
        Both:  3.20 MB

MaxMetaspaceSize: unlimited
CompressedClassSpaceSize: 1.00 GB
Initial GC threshold: 21.00 MB
Current GC threshold: 177.44 MB
CDS: off
MetaspaceReclaimPolicy: balanced
 - commit_granule_bytes: 65536.
 - commit_granule_words: 8192.
 - virtual_space_node_default_size: 1048576.
 - enlarge_chunks_in_place: 1.
 - new_chunks_are_fully_committed: 0.
 - uncommit_free_chunks: 1.
 - use_allocation_guard: 0.
 - handle_deallocations: 1.


Internal statistics:

num_allocs_failed_limit: 6.
num_arena_births: 1168.
num_arena_deaths: 2.
num_vsnodes_births: 14.
num_vsnodes_deaths: 0.
num_space_committed: 1867.
num_space_uncommitted: 0.
num_chunks_returned_to_freelist: 8.
num_chunks_taken_from_freelist: 5555.
num_chunk_merges: 6.
num_chunk_splits: 3684.
num_chunks_enlarged: 2462.
num_purges: 2.
num_inconsistent_stats: 0.

CodeHeap 'non-profiled nmethods': size=120000Kb used=8678Kb max_used=8678Kb free=111321Kb
 bounds [0x000001fc87ad0000, 0x000001fc88350000, 0x000001fc8f000000]
CodeHeap 'profiled nmethods': size=120000Kb used=26479Kb max_used=26479Kb free=93520Kb
 bounds [0x000001fc80000000, 0x000001fc819e0000, 0x000001fc87530000]
CodeHeap 'non-nmethods': size=5760Kb used=2517Kb max_used=2517Kb free=3242Kb
 bounds [0x000001fc87530000, 0x000001fc877b0000, 0x000001fc87ad0000]
 total_blobs=14300 nmethods=13287 adapters=922
 compilation: enabled
              stopped_count=0, restarted_count=0
 full_count=0

Compilation events (20 events):
Event: 82.927 Thread 0x000001fcfb07c160 16261   !   3       com.android.tools.r8.graph.p2::z0 (88 bytes)
Event: 82.929 Thread 0x000001fcfb07c160 nmethod 16261 0x000001fc819d9b10 code [0x000001fc819d9da0, 0x000001fc819da968]
Event: 83.026 Thread 0x000001fcfb07c160 16267       2       org.gradle.internal.io.BufferCaster::cast (2 bytes)
Event: 83.026 Thread 0x000001fcfb07c160 nmethod 16267 0x000001fc812abd90 code [0x000001fc812abf20, 0x000001fc812ac018]
Event: 83.027 Thread 0x000001fcfb07c160 16268       2       org.gradle.api.internal.tasks.properties.DefaultValidatingProperty::<init> (10 bytes)
Event: 83.027 Thread 0x000001fcfb07c160 nmethod 16268 0x000001fc819dae90 code [0x000001fc819db020, 0x000001fc819db238]
Event: 83.031 Thread 0x000001fcfb07c160 16269       2       org.gradle.internal.vfs.impl.VersionHierarchy$1::handleAsDescendantOfChild (10 bytes)
Event: 83.032 Thread 0x000001fcfb07c160 nmethod 16269 0x000001fc819db310 code [0x000001fc819db4c0, 0x000001fc819db638]
Event: 83.038 Thread 0x000001fcfb07c160 16271       2       com.android.tools.r8.graph.m2::h (62 bytes)
Event: 83.039 Thread 0x000001fcfb07c160 nmethod 16271 0x000001fc819db790 code [0x000001fc819db960, 0x000001fc819dbce8]
Event: 83.039 Thread 0x000001fcfb07c160 16272       2       com.android.tools.r8.graph.r2::equals (37 bytes)
Event: 83.039 Thread 0x000001fcfb07c160 nmethod 16272 0x000001fc819dbf10 code [0x000001fc819dc0c0, 0x000001fc819dc2c8]
Event: 83.052 Thread 0x000001fcfb07c160 16273       2       com.android.tools.r8.graph.e2::h (62 bytes)
Event: 83.053 Thread 0x000001fcfb07c160 nmethod 16273 0x000001fc819dc390 code [0x000001fc819dc560, 0x000001fc819dc8e8]
Event: 83.216 Thread 0x000001fcfb07c160 16274       2       com.google.gson.internal.Excluder::isAnonymousOrNonStaticLocal (37 bytes)
Event: 83.217 Thread 0x000001fcfb07c160 nmethod 16274 0x000001fc819dcb10 code [0x000001fc819dcd20, 0x000001fc819dd088]
Event: 83.217 Thread 0x000001fcfb07c160 16275       2       com.google.gson.internal.Excluder::isStatic (16 bytes)
Event: 83.218 Thread 0x000001fcfb07c160 nmethod 16275 0x000001fc819dd290 code [0x000001fc819dd420, 0x000001fc819dd558]
Event: 83.218 Thread 0x000001fcfb07c160 16276       2       java.lang.Class::isAnonymousClass (27 bytes)
Event: 83.218 Thread 0x000001fcfb07c160 nmethod 16276 0x000001fc819dd610 code [0x000001fc819dd7c0, 0x000001fc819dd998]

GC Heap History (20 events):
Event: 61.090 GC heap after
{Heap after GC invocations=47 (full 0):
 garbage-first heap   total 175104K, used 106496K [0x0000000080000000, 0x0000000100000000)
  region size 1024K, 6 young (6144K), 6 survivors (6144K)
 Metaspace       used 105952K, committed 106688K, reserved 1146880K
  class space    used 14232K, committed 14592K, reserved 1048576K
}
Event: 63.341 GC heap before
{Heap before GC invocations=48 (full 0):
 garbage-first heap   total 198656K, used 141312K [0x0000000080000000, 0x0000000100000000)
  region size 1024K, 38 young (38912K), 6 survivors (6144K)
 Metaspace       used 106450K, committed 107200K, reserved 1146880K
  class space    used 14265K, committed 14656K, reserved 1048576K
}
Event: 63.415 GC heap after
{Heap after GC invocations=49 (full 0):
 garbage-first heap   total 198656K, used 119808K [0x0000000080000000, 0x0000000100000000)
  region size 1024K, 5 young (5120K), 5 survivors (5120K)
 Metaspace       used 106450K, committed 107200K, reserved 1146880K
  class space    used 14265K, committed 14656K, reserved 1048576K
}
Event: 64.155 GC heap before
{Heap before GC invocations=49 (full 0):
 garbage-first heap   total 198656K, used 132096K [0x0000000080000000, 0x0000000100000000)
  region size 1024K, 9 young (9216K), 5 survivors (5120K)
 Metaspace       used 106547K, committed 107264K, reserved 1146880K
  class space    used 14276K, committed 14656K, reserved 1048576K
}
Event: 64.198 GC heap after
{Heap after GC invocations=50 (full 0):
 garbage-first heap   total 238592K, used 121342K [0x0000000080000000, 0x0000000100000000)
  region size 1024K, 1 young (1024K), 1 survivors (1024K)
 Metaspace       used 106547K, committed 107264K, reserved 1146880K
  class space    used 14276K, committed 14656K, reserved 1048576K
}
Event: 69.078 GC heap before
{Heap before GC invocations=50 (full 0):
 garbage-first heap   total 238592K, used 190974K [0x0000000080000000, 0x0000000100000000)
  region size 1024K, 55 young (56320K), 1 survivors (1024K)
 Metaspace       used 107863K, committed 108608K, reserved 1146880K
  class space    used 14382K, committed 14720K, reserved 1048576K
}
Event: 69.105 GC heap after
{Heap after GC invocations=51 (full 0):
 garbage-first heap   total 238592K, used 128323K [0x0000000080000000, 0x0000000100000000)
  region size 1024K, 7 young (7168K), 7 survivors (7168K)
 Metaspace       used 107863K, committed 108608K, reserved 1146880K
  class space    used 14382K, committed 14720K, reserved 1048576K
}
Event: 72.294 GC heap before
{Heap before GC invocations=52 (full 0):
 garbage-first heap   total 238592K, used 180547K [0x0000000080000000, 0x0000000100000000)
  region size 1024K, 59 young (60416K), 7 survivors (7168K)
 Metaspace       used 110655K, committed 111424K, reserved 1146880K
  class space    used 14612K, committed 14976K, reserved 1048576K
}
Event: 72.350 GC heap after
{Heap after GC invocations=53 (full 0):
 garbage-first heap   total 238592K, used 137139K [0x0000000080000000, 0x0000000100000000)
  region size 1024K, 8 young (8192K), 8 survivors (8192K)
 Metaspace       used 110655K, committed 111424K, reserved 1146880K
  class space    used 14612K, committed 14976K, reserved 1048576K
}
Event: 72.409 GC heap before
{Heap before GC invocations=53 (full 0):
 garbage-first heap   total 238592K, used 140211K [0x0000000080000000, 0x0000000100000000)
  region size 1024K, 11 young (11264K), 8 survivors (8192K)
 Metaspace       used 110699K, committed 111424K, reserved 1146880K
  class space    used 14614K, committed 14976K, reserved 1048576K
}
Event: 72.430 GC heap after
{Heap after GC invocations=54 (full 0):
 garbage-first heap   total 238592K, used 137755K [0x0000000080000000, 0x0000000100000000)
  region size 1024K, 2 young (2048K), 2 survivors (2048K)
 Metaspace       used 110699K, committed 111424K, reserved 1146880K
  class space    used 14614K, committed 14976K, reserved 1048576K
}
Event: 76.137 GC heap before
{Heap before GC invocations=54 (full 0):
 garbage-first heap   total 238592K, used 185883K [0x0000000080000000, 0x0000000100000000)
  region size 1024K, 49 young (50176K), 2 survivors (2048K)
 Metaspace       used 112146K, committed 112832K, reserved 1146880K
  class space    used 14783K, committed 15104K, reserved 1048576K
}
Event: 76.149 GC heap after
{Heap after GC invocations=55 (full 0):
 garbage-first heap   total 238592K, used 138384K [0x0000000080000000, 0x0000000100000000)
  region size 1024K, 3 young (3072K), 3 survivors (3072K)
 Metaspace       used 112146K, committed 112832K, reserved 1146880K
  class space    used 14783K, committed 15104K, reserved 1048576K
}
Event: 78.850 GC heap before
{Heap before GC invocations=55 (full 0):
 garbage-first heap   total 238592K, used 188560K [0x0000000080000000, 0x0000000100000000)
  region size 1024K, 53 young (54272K), 3 survivors (3072K)
 Metaspace       used 114033K, committed 114688K, reserved 1155072K
  class space    used 14992K, committed 15296K, reserved 1048576K
}
Event: 78.861 GC heap after
{Heap after GC invocations=56 (full 0):
 garbage-first heap   total 238592K, used 140738K [0x0000000080000000, 0x0000000100000000)
  region size 1024K, 5 young (5120K), 5 survivors (5120K)
 Metaspace       used 114033K, committed 114688K, reserved 1155072K
  class space    used 14992K, committed 15296K, reserved 1048576K
}
Event: 81.128 GC heap before
{Heap before GC invocations=56 (full 0):
 garbage-first heap   total 238592K, used 203202K [0x0000000080000000, 0x0000000100000000)
  region size 1024K, 56 young (57344K), 5 survivors (5120K)
 Metaspace       used 115237K, committed 115968K, reserved 1155072K
  class space    used 15145K, committed 15488K, reserved 1048576K
}
Event: 81.144 GC heap after
{Heap after GC invocations=57 (full 0):
 garbage-first heap   total 238592K, used 157768K [0x0000000080000000, 0x0000000100000000)
  region size 1024K, 7 young (7168K), 7 survivors (7168K)
 Metaspace       used 115237K, committed 115968K, reserved 1155072K
  class space    used 15145K, committed 15488K, reserved 1048576K
}
Event: 82.394 GC heap before
{Heap before GC invocations=57 (full 0):
 garbage-first heap   total 238592K, used 212040K [0x0000000080000000, 0x0000000100000000)
  region size 1024K, 40 young (40960K), 7 survivors (7168K)
 Metaspace       used 117988K, committed 118720K, reserved 1155072K
  class space    used 15518K, committed 15872K, reserved 1048576K
}
Event: 82.418 GC heap after
{Heap after GC invocations=58 (full 0):
 garbage-first heap   total 238592K, used 173799K [0x0000000080000000, 0x0000000100000000)
  region size 1024K, 5 young (5120K), 5 survivors (5120K)
 Metaspace       used 117988K, committed 118720K, reserved 1155072K
  class space    used 15518K, committed 15872K, reserved 1048576K
}
Event: 83.255 GC heap before
{Heap before GC invocations=58 (full 0):
 garbage-first heap   total 238592K, used 205543K [0x0000000080000000, 0x0000000100000000)
  region size 1024K, 31 young (31744K), 5 survivors (5120K)
 Metaspace       used 118846K, committed 119552K, reserved 1155072K
  class space    used 15630K, committed 15936K, reserved 1048576K
}

Dll operation events (2 events):
Event: 0.022 Loaded shared library C:\Program Files\Android\Android Studio\jbr\bin\java.dll
Event: 2.956 Loaded shared library C:\Program Files\Android\Android Studio\jbr\bin\verify.dll

Deoptimization events (20 events):
Event: 82.925 Thread 0x000001fc90774df0 DEOPT PACKING pc=0x000001fc8167915b sp=0x0000005632dfcd10
Event: 82.925 Thread 0x000001fc90774df0 DEOPT UNPACKING pc=0x000001fc87587143 sp=0x0000005632dfc220 mode 0
Event: 82.929 Thread 0x000001fc90774df0 DEOPT PACKING pc=0x000001fc819d7056 sp=0x0000005632dfcf80
Event: 82.929 Thread 0x000001fc90774df0 DEOPT UNPACKING pc=0x000001fc87587143 sp=0x0000005632dfc480 mode 0
Event: 82.936 Thread 0x000001fc90774df0 DEOPT PACKING pc=0x000001fc8167915b sp=0x0000005632dfcd10
Event: 82.936 Thread 0x000001fc90774df0 DEOPT UNPACKING pc=0x000001fc87587143 sp=0x0000005632dfc220 mode 0
Event: 82.945 Thread 0x000001fc90774df0 DEOPT PACKING pc=0x000001fc8167915b sp=0x0000005632dfcd10
Event: 82.945 Thread 0x000001fc90774df0 DEOPT UNPACKING pc=0x000001fc87587143 sp=0x0000005632dfc220 mode 0
Event: 82.963 Thread 0x000001fc90774df0 DEOPT PACKING pc=0x000001fc8167913a sp=0x0000005632dfcd00
Event: 82.967 Thread 0x000001fc90774df0 DEOPT UNPACKING pc=0x000001fc87587143 sp=0x0000005632dfc210 mode 0
Event: 82.985 Thread 0x000001fc90774df0 DEOPT PACKING pc=0x000001fc8167913a sp=0x0000005632dfcda0
Event: 82.985 Thread 0x000001fc90774df0 DEOPT UNPACKING pc=0x000001fc87587143 sp=0x0000005632dfc2b0 mode 0
Event: 83.033 Thread 0x000001fc90774df0 DEOPT PACKING pc=0x000001fc8167913a sp=0x0000005632dfcd50
Event: 83.033 Thread 0x000001fc90774df0 DEOPT UNPACKING pc=0x000001fc87587143 sp=0x0000005632dfc260 mode 0
Event: 83.085 Thread 0x000001fc90774df0 DEOPT PACKING pc=0x000001fc8167915b sp=0x0000005632dfcd50
Event: 83.085 Thread 0x000001fc90774df0 DEOPT UNPACKING pc=0x000001fc87587143 sp=0x0000005632dfc260 mode 0
Event: 83.218 Thread 0x000001fc90776600 Uncommon trap: trap_request=0xffffff45 fr.pc=0x000001fc88170c88 relative=0x0000000000000a28
Event: 83.218 Thread 0x000001fc90776600 Uncommon trap: reason=unstable_if action=reinterpret pc=0x000001fc88170c88 method=com.google.gson.stream.JsonWriter.newline()V @ 4 c2
Event: 83.218 Thread 0x000001fc90776600 DEOPT PACKING pc=0x000001fc88170c88 sp=0x00000056371fa1a0
Event: 83.218 Thread 0x000001fc90776600 DEOPT UNPACKING pc=0x000001fc875869a3 sp=0x00000056371fa1a0 mode 2

Classes unloaded (1 events):
Event: 61.504 Thread 0x000001fcfa62f620 Unloading class 0x0000000100dd0400 'java/lang/invoke/LambdaForm$DMH+0x0000000100dd0400'

Classes redefined (0 events):
No events

Internal exceptions (20 events):
Event: 82.435 Thread 0x000001fc90776130 Exception <a 'java/lang/NoSuchMethodError'{0x000000008e658e68}: static Lcom/android/build/api/variant/impl/VariantOutputImpl$SerializedForm;.<clinit>()V> (0x000000008e658e68) 
thrown [s\src\hotspot\share\prims\jni.cpp, line 1108]
Event: 82.442 Thread 0x000001fc90776130 Exception <a 'java/lang/NoSuchMethodError'{0x000000008e66b920}: static Lcom/android/build/api/variant/impl/VariantOutputConfigurationImpl;.<clinit>()V> (0x000000008e66b920) 
thrown [s\src\hotspot\share\prims\jni.cpp, line 1108]
Event: 82.476 Thread 0x000001fc90776600 Exception <a 'sun/nio/fs/WindowsException'{0x000000008e57e328}> (0x000000008e57e328) 
thrown [s\src\hotspot\share\prims\jni.cpp, line 517]
Event: 82.709 Thread 0x000001fc90776600 Exception <a 'sun/nio/fs/WindowsException'{0x000000008d9698b0}> (0x000000008d9698b0) 
thrown [s\src\hotspot\share\prims\jni.cpp, line 517]
Event: 82.722 Thread 0x000001fc90776600 Exception <a 'sun/nio/fs/WindowsException'{0x000000008d9788f8}> (0x000000008d9788f8) 
thrown [s\src\hotspot\share\prims\jni.cpp, line 517]
Event: 82.761 Thread 0x000001fc90775790 Exception <a 'java/lang/NoSuchMethodError'{0x000000008dcab8b8}: 'void java.lang.invoke.DirectMethodHandle$Holder.invokeStatic(java.lang.Object, long)'> (0x000000008dcab8b8) 
thrown [s\src\hotspot\share\interpreter\linkResolver.cpp, line 771]
Event: 82.762 Thread 0x000001fc90775790 Exception <a 'java/lang/NoSuchMethodError'{0x000000008d82f908}: 'java.lang.Object java.lang.invoke.DirectMethodHandle$Holder.newInvokeSpecial(java.lang.Object, long)'> (0x000000008d82f908) 
thrown [s\src\hotspot\share\interpreter\linkResolver.cpp, line 771]
Event: 82.765 Thread 0x000001fc90775790 Exception <a 'java/lang/NoSuchMethodError'{0x000000008d836610}: 'java.lang.Object java.lang.invoke.DirectMethodHandle$Holder.invokeStatic(java.lang.Object, java.lang.Object, long, java.lang.Object)'> (0x000000008d836610) 
thrown [s\src\hotspot\share\interpreter\linkResolver.cpp, line 771]
Event: 82.765 Thread 0x000001fc90775790 Exception <a 'java/lang/NoSuchMethodError'{0x000000008d83a300}: 'java.lang.Object java.lang.invoke.DirectMethodHandle$Holder.invokeStaticInit(java.lang.Object, java.lang.Object, long, java.lang.Object)'> (0x000000008d83a300) 
thrown [s\src\hotspot\share\interpreter\linkResolver.cpp, line 771]
Event: 82.801 Thread 0x000001fc90776600 Exception <a 'sun/nio/fs/WindowsException'{0x000000008d8908b0}> (0x000000008d8908b0) 
thrown [s\src\hotspot\share\prims\jni.cpp, line 517]
Event: 82.975 Thread 0x000001fc90776600 Exception <a 'sun/nio/fs/WindowsException'{0x000000008d480ee8}> (0x000000008d480ee8) 
thrown [s\src\hotspot\share\prims\jni.cpp, line 517]
Event: 82.975 Thread 0x000001fc90776600 Exception <a 'sun/nio/fs/WindowsException'{0x000000008d300980}> (0x000000008d300980) 
thrown [s\src\hotspot\share\prims\jni.cpp, line 517]
Event: 82.975 Thread 0x000001fc90776600 Exception <a 'sun/nio/fs/WindowsException'{0x000000008d3009f0}> (0x000000008d3009f0) 
thrown [s\src\hotspot\share\prims\jni.cpp, line 517]
Event: 82.975 Thread 0x000001fc90776600 Exception <a 'sun/nio/fs/WindowsException'{0x000000008d300dc8}> (0x000000008d300dc8) 
thrown [s\src\hotspot\share\prims\jni.cpp, line 517]
Event: 82.976 Thread 0x000001fc90776600 Exception <a 'sun/nio/fs/WindowsException'{0x000000008d302ba0}> (0x000000008d302ba0) 
thrown [s\src\hotspot\share\prims\jni.cpp, line 517]
Event: 83.029 Thread 0x000001fc90776600 Exception <a 'sun/nio/fs/WindowsException'{0x000000008d21a118}> (0x000000008d21a118) 
thrown [s\src\hotspot\share\prims\jni.cpp, line 517]
Event: 83.191 Thread 0x000001fc90776600 Exception <a 'sun/nio/fs/WindowsException'{0x000000008d134728}> (0x000000008d134728) 
thrown [s\src\hotspot\share\prims\jni.cpp, line 517]
Event: 83.192 Thread 0x000001fc90776600 Exception <a 'sun/nio/fs/WindowsException'{0x000000008d135890}> (0x000000008d135890) 
thrown [s\src\hotspot\share\prims\jni.cpp, line 517]
Event: 83.192 Thread 0x000001fc90776600 Exception <a 'sun/nio/fs/WindowsException'{0x000000008d135900}> (0x000000008d135900) 
thrown [s\src\hotspot\share\prims\jni.cpp, line 517]
Event: 83.192 Thread 0x000001fc90776600 Exception <a 'sun/nio/fs/WindowsException'{0x000000008d135d38}> (0x000000008d135d38) 
thrown [s\src\hotspot\share\prims\jni.cpp, line 517]

VM Operations (20 events):
Event: 80.652 Executing VM operation: HandshakeAllThreads done
Event: 80.769 Executing VM operation: ICBufferFull
Event: 80.769 Executing VM operation: ICBufferFull done
Event: 81.115 Executing VM operation: G1CollectForAllocation
Event: 81.174 Executing VM operation: G1CollectForAllocation done
Event: 81.187 Executing VM operation: HandshakeAllThreads
Event: 81.188 Executing VM operation: HandshakeAllThreads done
Event: 81.683 Executing VM operation: HandshakeAllThreads
Event: 81.683 Executing VM operation: HandshakeAllThreads done
Event: 81.778 Executing VM operation: HandshakeAllThreads
Event: 81.779 Executing VM operation: HandshakeAllThreads done
Event: 81.811 Executing VM operation: ICBufferFull
Event: 81.812 Executing VM operation: ICBufferFull done
Event: 82.394 Executing VM operation: G1TryInitiateConcMark
Event: 82.418 Executing VM operation: G1TryInitiateConcMark done
Event: 82.593 Executing VM operation: HandshakeAllThreads
Event: 82.620 Executing VM operation: HandshakeAllThreads done
Event: 82.770 Executing VM operation: HandshakeAllThreads
Event: 82.770 Executing VM operation: HandshakeAllThreads done
Event: 83.255 Executing VM operation: G1CollectForAllocation

Events (20 events):
Event: 82.632 loading class java/util/concurrent/Executors$DelegatedScheduledExecutorService
Event: 82.632 loading class java/util/concurrent/Executors$DelegatedExecutorService
Event: 82.633 loading class java/util/concurrent/Executors$DelegatedExecutorService done
Event: 82.633 loading class java/util/concurrent/Executors$DelegatedScheduledExecutorService done
Event: 82.634 Thread 0x000001fc8f707f10 Thread added: 0x000001fc8f707f10
Event: 82.638 loading class java/lang/ProcessImpl
Event: 82.640 loading class java/lang/ProcessImpl done
Event: 82.722 Thread 0x000001fc90774920 Thread exited: 0x000001fc90774920
Event: 82.763 loading class java/lang/ProcessHandleImpl
Event: 82.764 loading class java/lang/ProcessHandleImpl done
Event: 82.767 loading class java/lang/ProcessImpl$2
Event: 82.767 loading class java/lang/ProcessImpl$2 done
Event: 82.767 loading class java/lang/Process$PipeInputStream
Event: 82.767 loading class java/lang/Process$PipeInputStream done
Event: 82.770 loading class jdk/internal/event/ProcessStartEvent
Event: 82.771 loading class jdk/internal/event/ProcessStartEvent done
Event: 82.775 Thread 0x000001fc8f70df50 Thread added: 0x000001fc8f70df50
Event: 82.775 Thread 0x000001fc8f7088b0 Thread added: 0x000001fc8f7088b0
Event: 83.217 loading class jdk/internal/reflect/UnsafeQualifiedBooleanFieldAccessorImpl
Event: 83.218 loading class jdk/internal/reflect/UnsafeQualifiedBooleanFieldAccessorImpl done


Dynamic libraries:
0x00007ff6b71c0000 - 0x00007ff6b71ca000 	C:\Program Files\Android\Android Studio\jbr\bin\java.exe
0x00007fffb17e0000 - 0x00007fffb19e9000 	C:\WINDOWS\SYSTEM32\ntdll.dll
0x00007fffaf990000 - 0x00007fffafa4d000 	C:\WINDOWS\System32\KERNEL32.DLL
0x00007fffaee40000 - 0x00007fffaf1c4000 	C:\WINDOWS\System32\KERNELBASE.dll
0x00007fffaec70000 - 0x00007fffaed81000 	C:\WINDOWS\System32\ucrtbase.dll
0x00007fff8f310000 - 0x00007fff8f32b000 	C:\Program Files\Android\Android Studio\jbr\bin\VCRUNTIME140.dll
0x00007fff8f870000 - 0x00007fff8f887000 	C:\Program Files\Android\Android Studio\jbr\bin\jli.dll
0x00007fffafa50000 - 0x00007fffafbfd000 	C:\WINDOWS\System32\USER32.dll
0x00007fffaed90000 - 0x00007fffaedb6000 	C:\WINDOWS\System32\win32u.dll
0x00007fffb00b0000 - 0x00007fffb00da000 	C:\WINDOWS\System32\GDI32.dll
0x00007fffaf3e0000 - 0x00007fffaf4fe000 	C:\WINDOWS\System32\gdi32full.dll
0x00007fffaf340000 - 0x00007fffaf3dd000 	C:\WINDOWS\System32\msvcp_win.dll
0x00007fffade80000 - 0x00007fffae125000 	C:\WINDOWS\WinSxS\amd64_microsoft.windows.common-controls_6595b64144ccf1df_6.0.22000.120_none_9d947278b86cc467\COMCTL32.dll
0x00007fffb0df0000 - 0x00007fffb0e93000 	C:\WINDOWS\System32\msvcrt.dll
0x00007fffb1100000 - 0x00007fffb1131000 	C:\WINDOWS\System32\IMM32.DLL
0x00007fffa0140000 - 0x00007fffa014c000 	C:\Program Files\Android\Android Studio\jbr\bin\vcruntime140_1.dll
0x00007fff822d0000 - 0x00007fff8235d000 	C:\Program Files\Android\Android Studio\jbr\bin\msvcp140.dll
0x00007fff37000000 - 0x00007fff37c6d000 	C:\Program Files\Android\Android Studio\jbr\bin\server\jvm.dll
0x00007fffafc00000 - 0x00007fffafcae000 	C:\WINDOWS\System32\ADVAPI32.dll
0x00007fffb1140000 - 0x00007fffb11de000 	C:\WINDOWS\System32\sechost.dll
0x00007fffb0ea0000 - 0x00007fffb0fc1000 	C:\WINDOWS\System32\RPCRT4.dll
0x00007fffa9260000 - 0x00007fffa9269000 	C:\WINDOWS\SYSTEM32\WSOCK32.dll
0x00007fffaf890000 - 0x00007fffaf8ff000 	C:\WINDOWS\System32\WS2_32.dll
0x00007fffa8950000 - 0x00007fffa8983000 	C:\WINDOWS\SYSTEM32\WINMM.dll
0x00007fffa1ca0000 - 0x00007fffa1caa000 	C:\WINDOWS\SYSTEM32\VERSION.dll
0x00007fffad6a0000 - 0x00007fffad6b8000 	C:\WINDOWS\SYSTEM32\kernel.appcore.dll
0x00007fff9e330000 - 0x00007fff9e33a000 	C:\Program Files\Android\Android Studio\jbr\bin\jimage.dll
0x00007fffae5b0000 - 0x00007fffae7d1000 	C:\WINDOWS\SYSTEM32\DBGHELP.DLL
0x00007fffae480000 - 0x00007fffae4b1000 	C:\WINDOWS\SYSTEM32\dbgcore.DLL
0x00007fffaedc0000 - 0x00007fffaee3f000 	C:\WINDOWS\System32\bcryptPrimitives.dll
0x00007fff97f20000 - 0x00007fff97f45000 	C:\Program Files\Android\Android Studio\jbr\bin\java.dll
0x00007fff97f00000 - 0x00007fff97f18000 	C:\Program Files\Android\Android Studio\jbr\bin\zip.dll
0x00007fffb05b0000 - 0x00007fffb0d75000 	C:\WINDOWS\System32\SHELL32.dll
0x00007fffac690000 - 0x00007fffacef2000 	C:\WINDOWS\SYSTEM32\windows.storage.dll
0x00007fffafcb0000 - 0x00007fffb0026000 	C:\WINDOWS\System32\combase.dll
0x00007fffac520000 - 0x00007fffac687000 	C:\WINDOWS\SYSTEM32\wintypes.dll
0x00007fffb00e0000 - 0x00007fffb01ca000 	C:\WINDOWS\System32\SHCORE.dll
0x00007fffb1080000 - 0x00007fffb10dd000 	C:\WINDOWS\System32\shlwapi.dll
0x00007fffaeba0000 - 0x00007fffaebc5000 	C:\WINDOWS\SYSTEM32\profapi.dll
0x00007fff96250000 - 0x00007fff96269000 	C:\Program Files\Android\Android Studio\jbr\bin\net.dll
0x00007fffa6df0000 - 0x00007fffa6f04000 	C:\WINDOWS\SYSTEM32\WINHTTP.dll
0x00007fffadb00000 - 0x00007fffadb67000 	C:\WINDOWS\system32\mswsock.dll
0x00007fff96230000 - 0x00007fff96246000 	C:\Program Files\Android\Android Studio\jbr\bin\nio.dll
0x00007fff97fd0000 - 0x00007fff97fe0000 	C:\Program Files\Android\Android Studio\jbr\bin\verify.dll
0x00007fff85670000 - 0x00007fff85697000 	C:\Users\lahce\.gradle\native\68d5fa5c4cc2d200863cafc0d521ce42e7d3e7ee720ec0a83991735586a16f82\windows-amd64\native-platform.dll
0x00007fff814d0000 - 0x00007fff81614000 	C:\Users\lahce\.gradle\native\e376f236ea51e6404a007f0833ffe2c6e607c4080706a723a18a27aeea778392\windows-amd64\native-platform-file-events.dll
0x00007fff9ba10000 - 0x00007fff9ba19000 	C:\Program Files\Android\Android Studio\jbr\bin\management.dll
0x00007fff98090000 - 0x00007fff9809b000 	C:\Program Files\Android\Android Studio\jbr\bin\management_ext.dll
0x00007fffb00a0000 - 0x00007fffb00a8000 	C:\WINDOWS\System32\PSAPI.DLL
0x00007fffae910000 - 0x00007fffae928000 	C:\WINDOWS\SYSTEM32\CRYPTSP.dll
0x00007fffad600000 - 0x00007fffad635000 	C:\WINDOWS\system32\rsaenh.dll
0x00007fffadba0000 - 0x00007fffadbcc000 	C:\WINDOWS\SYSTEM32\USERENV.dll
0x00007fffae4c0000 - 0x00007fffae4e7000 	C:\WINDOWS\SYSTEM32\bcrypt.dll
0x00007fffadcf0000 - 0x00007fffadcfc000 	C:\WINDOWS\SYSTEM32\CRYPTBASE.dll
0x00007fffad1c0000 - 0x00007fffad1ed000 	C:\WINDOWS\SYSTEM32\IPHLPAPI.DLL
0x00007fffb03a0000 - 0x00007fffb03a9000 	C:\WINDOWS\System32\NSI.dll
0x00007fffa7120000 - 0x00007fffa7139000 	C:\WINDOWS\SYSTEM32\dhcpcsvc6.DLL
0x00007fffa7630000 - 0x00007fffa764e000 	C:\WINDOWS\SYSTEM32\dhcpcsvc.DLL
0x00007fffad1f0000 - 0x00007fffad2d7000 	C:\WINDOWS\SYSTEM32\DNSAPI.dll
0x00007fff9b950000 - 0x00007fff9b958000 	C:\WINDOWS\system32\wshunix.dll
0x00007fffa0860000 - 0x00007fffa086a000 	C:\Windows\System32\rasadhlp.dll
0x00007fffa3660000 - 0x00007fffa36e1000 	C:\WINDOWS\System32\fwpuclnt.dll
0x00007fff9bc90000 - 0x00007fff9bca7000 	C:\WINDOWS\system32\napinsp.dll
0x00007fff9bc70000 - 0x00007fff9bc8b000 	C:\WINDOWS\system32\pnrpnsp.dll
0x00007fff9bc50000 - 0x00007fff9bc62000 	C:\WINDOWS\System32\winrnr.dll
0x00007fff9bc30000 - 0x00007fff9bc45000 	C:\WINDOWS\system32\wshbth.dll
0x00007fff9bc10000 - 0x00007fff9bc2f000 	C:\WINDOWS\system32\nlansp_c.dll
0x00007fffae570000 - 0x00007fffae5a4000 	C:\WINDOWS\SYSTEM32\ntmarta.dll

dbghelp: loaded successfully - version: 4.0.5 - missing functions: none
symbol engine: initialized successfully - sym options: 0x614 - pdb path: .;C:\Program Files\Android\Android Studio\jbr\bin;C:\WINDOWS\SYSTEM32;C:\WINDOWS\WinSxS\amd64_microsoft.windows.common-controls_6595b64144ccf1df_6.0.22000.120_none_9d947278b86cc467;C:\Program Files\Android\Android Studio\jbr\bin\server;C:\Users\lahce\.gradle\native\68d5fa5c4cc2d200863cafc0d521ce42e7d3e7ee720ec0a83991735586a16f82\windows-amd64;C:\Users\lahce\.gradle\native\e376f236ea51e6404a007f0833ffe2c6e607c4080706a723a18a27aeea778392\windows-amd64

VM Arguments:
jvm_args: --add-opens=java.base/java.util=ALL-UNNAMED --add-opens=java.base/java.lang=ALL-UNNAMED --add-opens=java.base/java.lang.invoke=ALL-UNNAMED --add-opens=java.prefs/java.util.prefs=ALL-UNNAMED --add-opens=java.base/java.nio.charset=ALL-UNNAMED --add-opens=java.base/java.net=ALL-UNNAMED --add-opens=java.base/java.util.concurrent.atomic=ALL-UNNAMED -Xmx2048m -Dfile.encoding=UTF-8 -Duser.country=US -Duser.language=en -Duser.variant 
java_command: org.gradle.launcher.daemon.bootstrap.GradleDaemon 8.0
java_class_path (initial): C:\Users\lahce\.gradle\wrapper\dists\gradle-8.0-bin\ca5e32bp14vu59qr306oxotwh\gradle-8.0\lib\gradle-launcher-8.0.jar
Launcher Type: SUN_STANDARD

[Global flags]
     intx CICompilerCount                          = 3                                         {product} {ergonomic}
     uint ConcGCThreads                            = 1                                         {product} {ergonomic}
     uint G1ConcRefinementThreads                  = 4                                         {product} {ergonomic}
   size_t G1HeapRegionSize                         = 1048576                                   {product} {ergonomic}
    uintx GCDrainStackTargetSize                   = 64                                        {product} {ergonomic}
   size_t InitialHeapSize                          = 134217728                                 {product} {ergonomic}
   size_t MarkStackSize                            = 4194304                                   {product} {ergonomic}
   size_t MaxHeapSize                              = 2147483648                                {product} {command line}
   size_t MaxNewSize                               = 1287651328                                {product} {ergonomic}
   size_t MinHeapDeltaBytes                        = 1048576                                   {product} {ergonomic}
   size_t MinHeapSize                              = 8388608                                   {product} {ergonomic}
    uintx NonNMethodCodeHeapSize                   = 5832780                                {pd product} {ergonomic}
    uintx NonProfiledCodeHeapSize                  = 122912730                              {pd product} {ergonomic}
    uintx ProfiledCodeHeapSize                     = 122912730                              {pd product} {ergonomic}
    uintx ReservedCodeCacheSize                    = 251658240                              {pd product} {ergonomic}
     bool SegmentedCodeCache                       = true                                      {product} {ergonomic}
   size_t SoftMaxHeapSize                          = 2147483648                             {manageable} {ergonomic}
     bool UseCompressedClassPointers               = true                           {product lp64_product} {ergonomic}
     bool UseCompressedOops                        = true                           {product lp64_product} {ergonomic}
     bool UseG1GC                                  = true                                      {product} {ergonomic}
     bool UseLargePagesIndividualAllocation        = false                                  {pd product} {ergonomic}

Logging:
Log output configuration:
 #0: stdout all=warning uptime,level,tags
 #1: stderr all=off uptime,level,tags

Environment Variables:
PATH=C:\Program Files\Common Files\Oracle\Java\javapath;C:\WINDOWS\system32;C:\WINDOWS;C:\WINDOWS\System32\Wbem;C:\WINDOWS\System32\WindowsPowerShell\v1.0\;C:\WINDOWS\System32\OpenSSH\;C:\Users\lahce\.vscode\extensions;C:\Program Files\Git\cmd;C:\ProgramData\chocolatey\bin;C:\Program Files\nodejs\;C:\Program Files\MongoDB\mongosh-1.10.1-win32-x64\bin;C:\Program Files\JetBrains\IntelliJ IDEA Community Edition 2023.1.1\bin;C:\Program Files\Android\Android Studio\bin;C:\Users\lahce\AppData\Local\Programs\Python\Python39\Scripts\;C:\Users\lahce\AppData\Local\Programs\Python\Python39\;C:\Users\lahce\AppData\Local\Microsoft\WindowsApps;C:\Users\lahce\AppData\Local\Programs\Microsoft VS Code\bin;C:\Users\lahce\AppData\Roaming\npm;C:\Program Files\JetBrains\DataSpell 2022.3.3\bin;C:\Users\lahce\django-project\Scripts;C:\Users\lahce\AppData\Local\JetBrains\Toolbox\scripts;C:\Program Files (x86)\Vim\vim90;C:\tools\neovim\nvim-win64\bin;
USERNAME=lahce
OS=Windows_NT
PROCESSOR_IDENTIFIER=Intel64 Family 6 Model 69 Stepping 1, GenuineIntel
TMP=C:\Users\lahce\AppData\Local\Temp
TEMP=C:\Users\lahce\AppData\Local\Temp



---------------  S Y S T E M  ---------------

OS:
 Windows 11 , 64 bit Build 22000 (10.0.22000.2538)
OS uptime: 0 days 9:23 hours
Hyper-V role detected

CPU: total 4 (initial active 4) (2 cores per cpu, 2 threads per core) family 6 model 69 stepping 1 microcode 0x26, cx8, cmov, fxsr, ht, mmx, sse, sse2, sse3, ssse3, sse4.1, sse4.2, popcnt, lzcnt, tsc, tscinvbit, avx, avx2, aes, erms, clmul, bmi1, bmi2, fma, vzeroupper, clflush, hv

Memory: 4k page, system-wide physical 8071M (384M free)
TotalPageFile size 11925M (AvailPageFile size 176M)
current process WorkingSet (physical memory assigned to process): 536M, peak: 541M
current process commit charge ("private bytes"): 562M, peak: 782M

vm_info: OpenJDK 64-Bit Server VM (17.0.6+0-b2043.56-9586694) for windows-amd64 JRE (17.0.6+0-b2043.56-9586694), built on Feb  9 2023 20:06:20 by "androidbuild" with MS VC++ 16.10 / 16.11 (VS2019)

END.
