#
# There is insufficient memory for the Java Runtime Environment to continue.
# Native memory allocation (mmap) failed to map 134217728 bytes for G1 virtual space
# Possible reasons:
#   The system is out of physical RAM or swap space
#   The process is running with CompressedOops enabled, and the Java Heap may be blocking the growth of the native heap
# Possible solutions:
#   Reduce memory load on the system
#   Increase physical memory or swap space
#   Check if swap backing store is full
#   Decrease Java heap size (-Xmx/-Xms)
#   Decrease number of Java threads
#   Decrease Java thread stack sizes (-Xss)
#   Set larger code cache with -XX:ReservedCodeCacheSize=
#   JVM is running with Unscaled Compressed Oops mode in which the Java heap is
#     placed in the first 4GB address space. The Java Heap base address is the
#     maximum limit for the native heap growth. Please use -XX:HeapBaseMinAddress
#     to set the Java Heap base and to place the Java Heap above 4GB virtual address.
# This output file may be truncated or incomplete.
#
#  Out of Memory Error (os_windows.cpp:3769), pid=14124, tid=4020
#
# JRE version:  (17.0.6) (build )
# Java VM: OpenJDK 64-Bit Server VM (17.0.6+0-b2043.56-9586694, mixed mode, sharing, tiered, compressed oops, compressed class ptrs, g1 gc, windows-amd64)
# No core dump will be written. Minidumps are not enabled by default on client versions of Windows
#

---------------  S U M M A R Y ------------

Command Line: org.jetbrains.kotlin.cli.jvm.K2JVMCompiler @C:\Users\lahce\AndroidStudioProjects\TodoList\app\build\20231111_13188303730564563171.compiler.options

Host: Intel(R) Core(TM) i5-4300U CPU @ 1.90GHz, 4 cores, 7G,  Windows 11 , 64 bit Build 22000 (10.0.22000.2538)
Time: Sat Nov 11 21:41:30 2023 Morocco Daylight Time elapsed time: 0.045832 seconds (0d 0h 0m 0s)

---------------  T H R E A D  ---------------

Current thread (0x0000025577b5c4c0):  JavaThread "Unknown thread" [_thread_in_vm, id=4020, stack(0x0000007393f00000,0x0000007394000000)]

Stack: [0x0000007393f00000,0x0000007394000000]
Native frames: (J=compiled Java code, j=interpreted, Vv=VM code, C=native code)
V  [jvm.dll+0x683b4a]
V  [jvm.dll+0x842654]
V  [jvm.dll+0x843dfe]
V  [jvm.dll+0x844463]
V  [jvm.dll+0x249b75]
V  [jvm.dll+0x680a19]
V  [jvm.dll+0x674f0a]
V  [jvm.dll+0x309acb]
V  [jvm.dll+0x310f86]
V  [jvm.dll+0x3608ee]
V  [jvm.dll+0x360b1f]
V  [jvm.dll+0x2dfbf8]
V  [jvm.dll+0x2e0b64]
V  [jvm.dll+0x813f41]
V  [jvm.dll+0x36e6a1]
V  [jvm.dll+0x7f347c]
V  [jvm.dll+0x3f0e8f]
V  [jvm.dll+0x3f29d1]
C  [jli.dll+0x526b]
C  [ucrtbase.dll+0x26c0c]
C  [KERNEL32.DLL+0x153e0]
C  [ntdll.dll+0x485b]


---------------  P R O C E S S  ---------------

Threads class SMR info:
_java_thread_list=0x00007fff37b3c058, length=0, elements={
}

Java Threads: ( => current thread )

Other Threads:
  0x0000025577bb7b10 GCTaskThread "GC Thread#0" [stack: 0x0000007394000000,0x0000007394100000] [id=9868]
  0x0000025577bc96a0 ConcurrentGCThread "G1 Main Marker" [stack: 0x0000007394100000,0x0000007394200000] [id=6716]
  0x0000025577bca0b0 ConcurrentGCThread "G1 Conc#0" [stack: 0x0000007394200000,0x0000007394300000] [id=5640]

[error occurred during error reporting (printing all threads), id 0xc0000005, EXCEPTION_ACCESS_VIOLATION (0xc0000005) at pc=0x00007fff372f0797]

VM state: not at safepoint (not fully initialized)

VM Mutex/Monitor currently owned by a thread:  ([mutex/lock_event])
[0x0000025577b579c0] Heap_lock - owner thread: 0x0000025577b5c4c0

Heap address: 0x0000000081e00000, size: 2018 MB, Compressed Oops mode: 32-bit

CDS archive(s) mapped at: [0x0000000000000000-0x0000000000000000-0x0000000000000000), size 0, SharedBaseAddress: 0x0000000800000000, ArchiveRelocationMode: 0.
Narrow klass base: 0x0000000000000000, Narrow klass shift: 0, Narrow klass range: 0x0

GC Precious Log:
<Empty>

Heap:
 garbage-first heap   total 0K, used 0K [0x0000000081e00000, 0x0000000100000000)
  region size 1024K, 0 young (0K), 0 survivors (0K)

[error occurred during error reporting (printing heap information), id 0xc0000005, EXCEPTION_ACCESS_VIOLATION (0xc0000005) at pc=0x00007fff376dd939]

GC Heap History (0 events):
No events

Dll operation events (1 events):
Event: 0.026 Loaded shared library C:\Program Files\Android\Android Studio\jbr\bin\java.dll

Deoptimization events (0 events):
No events

Classes unloaded (0 events):
No events

Classes redefined (0 events):
No events

Internal exceptions (0 events):
No events

VM Operations (0 events):
No events

Events (0 events):
No events


Dynamic libraries:
0x00007ff6b71c0000 - 0x00007ff6b71ca000 	C:\Program Files\Android\Android Studio\jbr\bin\java.exe
0x00007fffb17e0000 - 0x00007fffb19e9000 	C:\WINDOWS\SYSTEM32\ntdll.dll
0x00007fffaf990000 - 0x00007fffafa4d000 	C:\WINDOWS\System32\KERNEL32.DLL
0x00007fffaee40000 - 0x00007fffaf1c4000 	C:\WINDOWS\System32\KERNELBASE.dll
0x00007fffaec70000 - 0x00007fffaed81000 	C:\WINDOWS\System32\ucrtbase.dll
0x00007fff952e0000 - 0x00007fff952f7000 	C:\Program Files\Android\Android Studio\jbr\bin\jli.dll
0x00007fffafa50000 - 0x00007fffafbfd000 	C:\WINDOWS\System32\USER32.dll
0x00007fffaed90000 - 0x00007fffaedb6000 	C:\WINDOWS\System32\win32u.dll
0x00007fff90c70000 - 0x00007fff90c8b000 	C:\Program Files\Android\Android Studio\jbr\bin\VCRUNTIME140.dll
0x00007fffb00b0000 - 0x00007fffb00da000 	C:\WINDOWS\System32\GDI32.dll
0x00007fffaf3e0000 - 0x00007fffaf4fe000 	C:\WINDOWS\System32\gdi32full.dll
0x00007fffade80000 - 0x00007fffae125000 	C:\WINDOWS\WinSxS\amd64_microsoft.windows.common-controls_6595b64144ccf1df_6.0.22000.120_none_9d947278b86cc467\COMCTL32.dll
0x00007fffaf340000 - 0x00007fffaf3dd000 	C:\WINDOWS\System32\msvcp_win.dll
0x00007fffb0df0000 - 0x00007fffb0e93000 	C:\WINDOWS\System32\msvcrt.dll
0x00007fffb1100000 - 0x00007fffb1131000 	C:\WINDOWS\System32\IMM32.DLL
0x00007fffa0140000 - 0x00007fffa014c000 	C:\Program Files\Android\Android Studio\jbr\bin\vcruntime140_1.dll
0x00007fff822d0000 - 0x00007fff8235d000 	C:\Program Files\Android\Android Studio\jbr\bin\msvcp140.dll
0x00007fff37000000 - 0x00007fff37c6d000 	C:\Program Files\Android\Android Studio\jbr\bin\server\jvm.dll
0x00007fffafc00000 - 0x00007fffafcae000 	C:\WINDOWS\System32\ADVAPI32.dll
0x00007fffb1140000 - 0x00007fffb11de000 	C:\WINDOWS\System32\sechost.dll
0x00007fffb0ea0000 - 0x00007fffb0fc1000 	C:\WINDOWS\System32\RPCRT4.dll
0x00007fffa9260000 - 0x00007fffa9269000 	C:\WINDOWS\SYSTEM32\WSOCK32.dll
0x00007fffaf890000 - 0x00007fffaf8ff000 	C:\WINDOWS\System32\WS2_32.dll
0x00007fffa8950000 - 0x00007fffa8983000 	C:\WINDOWS\SYSTEM32\WINMM.dll
0x00007fffa1ca0000 - 0x00007fffa1caa000 	C:\WINDOWS\SYSTEM32\VERSION.dll
0x00007fffad6a0000 - 0x00007fffad6b8000 	C:\WINDOWS\SYSTEM32\kernel.appcore.dll
0x00007fff9e330000 - 0x00007fff9e33a000 	C:\Program Files\Android\Android Studio\jbr\bin\jimage.dll
0x00007fffae5b0000 - 0x00007fffae7d1000 	C:\WINDOWS\SYSTEM32\DBGHELP.DLL
0x00007fffae480000 - 0x00007fffae4b1000 	C:\WINDOWS\SYSTEM32\dbgcore.DLL
0x00007fffaedc0000 - 0x00007fffaee3f000 	C:\WINDOWS\System32\bcryptPrimitives.dll
0x00007fff97f20000 - 0x00007fff97f45000 	C:\Program Files\Android\Android Studio\jbr\bin\java.dll

dbghelp: loaded successfully - version: 4.0.5 - missing functions: none
symbol engine: initialized successfully - sym options: 0x614 - pdb path: .;C:\Program Files\Android\Android Studio\jbr\bin;C:\WINDOWS\SYSTEM32;C:\WINDOWS\WinSxS\amd64_microsoft.windows.common-controls_6595b64144ccf1df_6.0.22000.120_none_9d947278b86cc467;C:\Program Files\Android\Android Studio\jbr\bin\server

VM Arguments:
java_command: org.jetbrains.kotlin.cli.jvm.K2JVMCompiler @C:\Users\lahce\AndroidStudioProjects\TodoList\app\build\20231111_13188303730564563171.compiler.options
java_class_path (initial): C:\Users\lahce\.gradle\caches\modules-2\files-2.1\org.jetbrains.kotlin\kotlin-compiler-embeddable\1.8.20\78d9baa57f65babf9e0a93e51f62f26f5f35ac3e\kotlin-compiler-embeddable-1.8.20.jar;C:\Users\lahce\.gradle\caches\modules-2\files-2.1\org.jetbrains.kotlin\kotlin-stdlib\1.8.20\e72fc5e03ec6c064c678a6bd0d955c88d55b0c4a\kotlin-stdlib-1.8.20.jar;C:\Users\lahce\.gradle\caches\modules-2\files-2.1\org.jetbrains.kotlin\kotlin-script-runtime\1.8.20\c850771e723701f9d63dbcf641429c0f29290074\kotlin-script-runtime-1.8.20.jar;C:\Users\lahce\.gradle\caches\modules-2\files-2.1\org.jetbrains.kotlin\kotlin-reflect\1.6.10\1cbe9c92c12a94eea200d23c2bbaedaf3daf5132\kotlin-reflect-1.6.10.jar;C:\Users\lahce\.gradle\caches\modules-2\files-2.1\org.jetbrains.kotlin\kotlin-daemon-embeddable\1.8.20\c1b808fbe5fee60bd0504a54778120ef40f383d4\kotlin-daemon-embeddable-1.8.20.jar;C:\Users\lahce\.gradle\caches\modules-2\files-2.1\org.jetbrains.intellij.deps\trove4j\1.0.20200330\3afb14d5f9ceb459d724e907a21145e8ff394f02\trove4j-1.0.20200330.jar;C:\Users\lahce\.gradle\caches\modules-2\files-2.1\net.java.dev.jna\jna\5.6.0\330f2244e9030119ab3030fc3fededc86713d9cc\jna-5.6.0.jar;C:\Users\lahce\.gradle\caches\modules-2\files-2.1\org.jetbrains.kotlin\kotlin-stdlib-common\1.8.20\5eddaaf234c8c49d03eebeb6a14feb7f90faca71\kotlin-stdlib-common-1.8.20.jar;C:\Users\lahce\.gradle\caches\modules-2\files-2.1\org.jetbrains\annotations\13.0\919f0dfe192fb4e063e7dacadee7f8bb9a2672a9\annotations-13.0.jar
Launcher Type: SUN_STANDARD

[Global flags]
     intx CICompilerCount                          = 3                                         {product} {ergonomic}
     uint ConcGCThreads                            = 1                                         {product} {ergonomic}
     uint G1ConcRefinementThreads                  = 4                                         {product} {ergonomic}
   size_t G1HeapRegionSize                         = 1048576                                   {product} {ergonomic}
    uintx GCDrainStackTargetSize                   = 64                                        {product} {ergonomic}
   size_t InitialHeapSize                          = 134217728                                 {product} {ergonomic}
   size_t MarkStackSize                            = 4194304                                   {product} {ergonomic}
   size_t MaxHeapSize                              = 2116026368                                {product} {ergonomic}
   size_t MinHeapDeltaBytes                        = 1048576                                   {product} {ergonomic}
   size_t MinHeapSize                              = 8388608                                   {product} {ergonomic}
    uintx NonNMethodCodeHeapSize                   = 5832780                                {pd product} {ergonomic}
    uintx NonProfiledCodeHeapSize                  = 122912730                              {pd product} {ergonomic}
    uintx ProfiledCodeHeapSize                     = 122912730                              {pd product} {ergonomic}
    uintx ReservedCodeCacheSize                    = 251658240                              {pd product} {ergonomic}
     bool SegmentedCodeCache                       = true                                      {product} {ergonomic}
   size_t SoftMaxHeapSize                          = 2116026368                             {manageable} {ergonomic}
     bool UseCompressedClassPointers               = true                           {product lp64_product} {ergonomic}
     bool UseCompressedOops                        = true                           {product lp64_product} {ergonomic}
     bool UseG1GC                                  = true                                      {product} {ergonomic}
     bool UseLargePagesIndividualAllocation        = false                                  {pd product} {ergonomic}

Logging:
Log output configuration:
 #0: stdout all=warning uptime,level,tags
 #1: stderr all=off uptime,level,tags

Environment Variables:
PATH=C:\Program Files\Common Files\Oracle\Java\javapath;C:\WINDOWS\system32;C:\WINDOWS;C:\WINDOWS\System32\Wbem;C:\WINDOWS\System32\WindowsPowerShell\v1.0\;C:\WINDOWS\System32\OpenSSH\;C:\Users\lahce\.vscode\extensions;C:\Program Files\Git\cmd;C:\ProgramData\chocolatey\bin;C:\Program Files\nodejs\;C:\Program Files\MongoDB\mongosh-1.10.1-win32-x64\bin;C:\Program Files\JetBrains\IntelliJ IDEA Community Edition 2023.1.1\bin;C:\Program Files\Android\Android Studio\bin;C:\Users\lahce\AppData\Local\Programs\Python\Python39\Scripts\;C:\Users\lahce\AppData\Local\Programs\Python\Python39\;C:\Users\lahce\AppData\Local\Microsoft\WindowsApps;C:\Users\lahce\AppData\Local\Programs\Microsoft VS Code\bin;C:\Users\lahce\AppData\Roaming\npm;C:\Program Files\JetBrains\DataSpell 2022.3.3\bin;C:\Users\lahce\django-project\Scripts;C:\Users\lahce\AppData\Local\JetBrains\Toolbox\scripts;C:\Program Files (x86)\Vim\vim90;C:\tools\neovim\nvim-win64\bin;
USERNAME=lahce
OS=Windows_NT
PROCESSOR_IDENTIFIER=Intel64 Family 6 Model 69 Stepping 1, GenuineIntel
TMP=C:\Users\lahce\AppData\Local\Temp
TEMP=C:\Users\lahce\AppData\Local\Temp



---------------  S Y S T E M  ---------------

OS:
 Windows 11 , 64 bit Build 22000 (10.0.22000.2538)
OS uptime: 0 days 9:24 hours
Hyper-V role detected

CPU: total 4 (initial active 4) (2 cores per cpu, 2 threads per core) family 6 model 69 stepping 1 microcode 0x26, cx8, cmov, fxsr, ht, mmx, sse, sse2, sse3, ssse3, sse4.1, sse4.2, popcnt, lzcnt, tsc, tscinvbit, avx, avx2, aes, erms, clmul, bmi1, bmi2, fma, vzeroupper, clflush, hv

Memory: 4k page, system-wide physical 8071M (524M free)
TotalPageFile size 11925M (AvailPageFile size 74M)
current process WorkingSet (physical memory assigned to process): 10M, peak: 10M
current process commit charge ("private bytes"): 51M, peak: 179M

vm_info: OpenJDK 64-Bit Server VM (17.0.6+0-b2043.56-9586694) for windows-amd64 JRE (17.0.6+0-b2043.56-9586694), built on Feb  9 2023 20:06:20 by "androidbuild" with MS VC++ 16.10 / 16.11 (VS2019)

END.
